2025-02-14T16:22:12.095+1000 [DEBUG] [org.gradle.launcher.daemon.bootstrap.DaemonMain] Assuming the daemon was started with following jvm opts: [--add-opens=java.base/java.util=ALL-UNNAMED, --add-opens=java.base/java.lang=ALL-UNNAMED, --add-opens=java.base/java.lang.invoke=ALL-UNNAMED, --add-opens=java.prefs/java.util.prefs=ALL-UNNAMED, --add-opens=java.base/java.nio.charset=ALL-UNNAMED, --add-opens=java.base/java.net=ALL-UNNAMED, --add-opens=java.base/java.util.concurrent.atomic=ALL-UNNAMED, -Xmx1024m, -Dfile.encoding=UTF-8, -Duser.country=RU, -Duser.language=ru, -Duser.variant]
2025-02-14T16:22:12.417+1000 [DEBUG] [org.gradle.internal.nativeintegration.services.NativeServices] Native-platform posix files integration is not available. Continuing with fallback.
2025-02-14T16:22:12.438+1000 [INFO] [org.gradle.launcher.daemon.server.Daemon] start() called on daemon - DefaultDaemonContext[uid=09ee4e36-e564-4622-a7f1-a2ea1a435e7e,javaHome=C:\Program Files\Android\Android Studio\jbr,daemonRegistryDir=E:\CurveCalc\daemon,pid=3552,idleTimeout=10800000,priority=NORMAL,daemonOpts=--add-opens=java.base/java.util=ALL-UNNAMED,--add-opens=java.base/java.lang=ALL-UNNAMED,--add-opens=java.base/java.lang.invoke=ALL-UNNAMED,--add-opens=java.prefs/java.util.prefs=ALL-UNNAMED,--add-opens=java.base/java.nio.charset=ALL-UNNAMED,--add-opens=java.base/java.net=ALL-UNNAMED,--add-opens=java.base/java.util.concurrent.atomic=ALL-UNNAMED,-Xmx1024m,-Dfile.encoding=UTF-8,-Duser.country=RU,-Duser.language=ru,-Duser.variant]
2025-02-14T16:22:12.563+1000 [DEBUG] [org.gradle.internal.remote.internal.inet.InetAddresses] Adding IP addresses for network interface Software Loopback Interface 1
2025-02-14T16:22:12.565+1000 [DEBUG] [org.gradle.internal.remote.internal.inet.InetAddresses] Is this a loopback interface? true
2025-02-14T16:22:12.565+1000 [DEBUG] [org.gradle.internal.remote.internal.inet.InetAddresses] Adding loopback address /127.0.0.1
2025-02-14T16:22:12.565+1000 [DEBUG] [org.gradle.internal.remote.internal.inet.InetAddresses] Adding loopback address /0:0:0:0:0:0:0:1
2025-02-14T16:22:12.567+1000 [DEBUG] [org.gradle.internal.remote.internal.inet.InetAddresses] Adding IP addresses for network interface Microsoft 6to4 Adapter
2025-02-14T16:22:12.568+1000 [DEBUG] [org.gradle.internal.remote.internal.inet.InetAddresses] Is this a loopback interface? false
2025-02-14T16:22:12.569+1000 [DEBUG] [org.gradle.internal.remote.internal.inet.InetAddresses] Adding IP addresses for network interface WAN Miniport (L2TP)
2025-02-14T16:22:12.570+1000 [DEBUG] [org.gradle.internal.remote.internal.inet.InetAddresses] Is this a loopback interface? false
2025-02-14T16:22:12.571+1000 [DEBUG] [org.gradle.internal.remote.internal.inet.InetAddresses] Adding IP addresses for network interface WAN Miniport (Network Monitor)
2025-02-14T16:22:12.572+1000 [DEBUG] [org.gradle.internal.remote.internal.inet.InetAddresses] Is this a loopback interface? false
2025-02-14T16:22:12.573+1000 [DEBUG] [org.gradle.internal.remote.internal.inet.InetAddresses] Adding IP addresses for network interface Realtek PCIe GbE Family Controller
2025-02-14T16:22:12.575+1000 [DEBUG] [org.gradle.internal.remote.internal.inet.InetAddresses] Is this a loopback interface? false
2025-02-14T16:22:12.576+1000 [DEBUG] [org.gradle.internal.remote.internal.inet.InetAddresses] Adding remote address /192.168.0.12
2025-02-14T16:22:12.576+1000 [DEBUG] [org.gradle.internal.remote.internal.inet.InetAddresses] Adding remote address /fe80:0:0:0:e522:fbec:7a75:450a%eth1
2025-02-14T16:22:12.576+1000 [DEBUG] [org.gradle.internal.remote.internal.inet.InetAddresses] Adding IP addresses for network interface WAN Miniport (SSTP)
2025-02-14T16:22:12.578+1000 [DEBUG] [org.gradle.internal.remote.internal.inet.InetAddresses] Is this a loopback interface? false
2025-02-14T16:22:12.578+1000 [DEBUG] [org.gradle.internal.remote.internal.inet.InetAddresses] Adding IP addresses for network interface Microsoft IP-HTTPS Platform Adapter
2025-02-14T16:22:12.580+1000 [DEBUG] [org.gradle.internal.remote.internal.inet.InetAddresses] Is this a loopback interface? false
2025-02-14T16:22:12.580+1000 [DEBUG] [org.gradle.internal.remote.internal.inet.InetAddresses] Adding IP addresses for network interface WAN Miniport (PPTP)
2025-02-14T16:22:12.582+1000 [DEBUG] [org.gradle.internal.remote.internal.inet.InetAddresses] Is this a loopback interface? false
2025-02-14T16:22:12.582+1000 [DEBUG] [org.gradle.internal.remote.internal.inet.InetAddresses] Adding IP addresses for network interface Apple Mobile Device Ethernet
2025-02-14T16:22:12.583+1000 [DEBUG] [org.gradle.internal.remote.internal.inet.InetAddresses] Is this a loopback interface? false
2025-02-14T16:22:12.584+1000 [DEBUG] [org.gradle.internal.remote.internal.inet.InetAddresses] Adding IP addresses for network interface WAN Miniport (PPPOE)
2025-02-14T16:22:12.585+1000 [DEBUG] [org.gradle.internal.remote.internal.inet.InetAddresses] Is this a loopback interface? false
2025-02-14T16:22:12.586+1000 [DEBUG] [org.gradle.internal.remote.internal.inet.InetAddresses] Adding IP addresses for network interface Microsoft Kernel Debug Network Adapter
2025-02-14T16:22:12.587+1000 [DEBUG] [org.gradle.internal.remote.internal.inet.InetAddresses] Is this a loopback interface? false
2025-02-14T16:22:12.588+1000 [DEBUG] [org.gradle.internal.remote.internal.inet.InetAddresses] Adding IP addresses for network interface Microsoft Teredo Tunneling Adapter
2025-02-14T16:22:12.589+1000 [DEBUG] [org.gradle.internal.remote.internal.inet.InetAddresses] Is this a loopback interface? false
2025-02-14T16:22:12.590+1000 [DEBUG] [org.gradle.internal.remote.internal.inet.InetAddresses] Adding IP addresses for network interface WAN Miniport (IPv6)
2025-02-14T16:22:12.592+1000 [DEBUG] [org.gradle.internal.remote.internal.inet.InetAddresses] Is this a loopback interface? false
2025-02-14T16:22:12.593+1000 [DEBUG] [org.gradle.internal.remote.internal.inet.InetAddresses] Adding IP addresses for network interface WAN Miniport (IP)
2025-02-14T16:22:12.594+1000 [DEBUG] [org.gradle.internal.remote.internal.inet.InetAddresses] Is this a loopback interface? false
2025-02-14T16:22:12.595+1000 [DEBUG] [org.gradle.internal.remote.internal.inet.InetAddresses] Adding IP addresses for network interface WAN Miniport (IKEv2)
2025-02-14T16:22:12.596+1000 [DEBUG] [org.gradle.internal.remote.internal.inet.InetAddresses] Is this a loopback interface? false
2025-02-14T16:22:12.596+1000 [DEBUG] [org.gradle.internal.remote.internal.inet.InetAddresses] Adding IP addresses for network interface Realtek PCIe GbE Family Controller-WFP Native MAC Layer LightWeight Filter-0000
2025-02-14T16:22:12.598+1000 [DEBUG] [org.gradle.internal.remote.internal.inet.InetAddresses] Is this a loopback interface? false
2025-02-14T16:22:12.598+1000 [DEBUG] [org.gradle.internal.remote.internal.inet.InetAddresses] Adding IP addresses for network interface Realtek PCIe GbE Family Controller-QoS Packet Scheduler-0000
2025-02-14T16:22:12.601+1000 [DEBUG] [org.gradle.internal.remote.internal.inet.InetAddresses] Is this a loopback interface? false
2025-02-14T16:22:12.601+1000 [DEBUG] [org.gradle.internal.remote.internal.inet.InetAddresses] Adding IP addresses for network interface Realtek PCIe GbE Family Controller-WFP 802.3 MAC Layer LightWeight Filter-0000
2025-02-14T16:22:12.603+1000 [DEBUG] [org.gradle.internal.remote.internal.inet.InetAddresses] Is this a loopback interface? false
2025-02-14T16:22:12.603+1000 [DEBUG] [org.gradle.internal.remote.internal.inet.InetAddresses] Adding IP addresses for network interface WAN Miniport (IP)-WFP Native MAC Layer LightWeight Filter-0000
2025-02-14T16:22:12.605+1000 [DEBUG] [org.gradle.internal.remote.internal.inet.InetAddresses] Is this a loopback interface? false
2025-02-14T16:22:12.605+1000 [DEBUG] [org.gradle.internal.remote.internal.inet.InetAddresses] Adding IP addresses for network interface WAN Miniport (IP)-QoS Packet Scheduler-0000
2025-02-14T16:22:12.608+1000 [DEBUG] [org.gradle.internal.remote.internal.inet.InetAddresses] Is this a loopback interface? false
2025-02-14T16:22:12.609+1000 [DEBUG] [org.gradle.internal.remote.internal.inet.InetAddresses] Adding IP addresses for network interface WAN Miniport (IPv6)-WFP Native MAC Layer LightWeight Filter-0000
2025-02-14T16:22:12.613+1000 [DEBUG] [org.gradle.internal.remote.internal.inet.InetAddresses] Is this a loopback interface? false
2025-02-14T16:22:12.614+1000 [DEBUG] [org.gradle.internal.remote.internal.inet.InetAddresses] Adding IP addresses for network interface WAN Miniport (IPv6)-QoS Packet Scheduler-0000
2025-02-14T16:22:12.617+1000 [DEBUG] [org.gradle.internal.remote.internal.inet.InetAddresses] Is this a loopback interface? false
2025-02-14T16:22:12.617+1000 [DEBUG] [org.gradle.internal.remote.internal.inet.InetAddresses] Adding IP addresses for network interface WAN Miniport (Network Monitor)-WFP Native MAC Layer LightWeight Filter-0000
2025-02-14T16:22:12.621+1000 [DEBUG] [org.gradle.internal.remote.internal.inet.InetAddresses] Is this a loopback interface? false
2025-02-14T16:22:12.622+1000 [DEBUG] [org.gradle.internal.remote.internal.inet.InetAddresses] Adding IP addresses for network interface WAN Miniport (Network Monitor)-QoS Packet Scheduler-0000
2025-02-14T16:22:12.625+1000 [DEBUG] [org.gradle.internal.remote.internal.inet.InetAddresses] Is this a loopback interface? false
2025-02-14T16:22:12.632+1000 [DEBUG] [org.gradle.internal.remote.internal.inet.TcpIncomingConnector] Listening on [7c4b75ae-2313-488d-a6e0-0852f360e1b3 port:50863, addresses:[localhost/127.0.0.1]].
2025-02-14T16:22:12.650+1000 [DEBUG] [org.gradle.launcher.daemon.server.Daemon] Daemon starting at: Fri Feb 14 16:22:12 VLAT 2025, with address: [7c4b75ae-2313-488d-a6e0-0852f360e1b3 port:50863, addresses:[localhost/127.0.0.1]]
2025-02-14T16:22:12.650+1000 [INFO] [org.gradle.launcher.daemon.server.DaemonRegistryUpdater] Advertising the daemon address to the clients: [7c4b75ae-2313-488d-a6e0-0852f360e1b3 port:50863, addresses:[localhost/127.0.0.1]]
2025-02-14T16:22:12.651+1000 [DEBUG] [org.gradle.launcher.daemon.server.DaemonRegistryUpdater] Advertised daemon context: DefaultDaemonContext[uid=09ee4e36-e564-4622-a7f1-a2ea1a435e7e,javaHome=C:\Program Files\Android\Android Studio\jbr,daemonRegistryDir=E:\CurveCalc\daemon,pid=3552,idleTimeout=10800000,priority=NORMAL,daemonOpts=--add-opens=java.base/java.util=ALL-UNNAMED,--add-opens=java.base/java.lang=ALL-UNNAMED,--add-opens=java.base/java.lang.invoke=ALL-UNNAMED,--add-opens=java.prefs/java.util.prefs=ALL-UNNAMED,--add-opens=java.base/java.nio.charset=ALL-UNNAMED,--add-opens=java.base/java.net=ALL-UNNAMED,--add-opens=java.base/java.util.concurrent.atomic=ALL-UNNAMED,-Xmx1024m,-Dfile.encoding=UTF-8,-Duser.country=RU,-Duser.language=ru,-Duser.variant]
2025-02-14T16:22:12.653+1000 [DEBUG] [org.gradle.launcher.daemon.registry.PersistentDaemonRegistry] Storing daemon address: [7c4b75ae-2313-488d-a6e0-0852f360e1b3 port:50863, addresses:[localhost/127.0.0.1]], context: DefaultDaemonContext[uid=09ee4e36-e564-4622-a7f1-a2ea1a435e7e,javaHome=C:\Program Files\Android\Android Studio\jbr,daemonRegistryDir=E:\CurveCalc\daemon,pid=3552,idleTimeout=10800000,priority=NORMAL,daemonOpts=--add-opens=java.base/java.util=ALL-UNNAMED,--add-opens=java.base/java.lang=ALL-UNNAMED,--add-opens=java.base/java.lang.invoke=ALL-UNNAMED,--add-opens=java.prefs/java.util.prefs=ALL-UNNAMED,--add-opens=java.base/java.nio.charset=ALL-UNNAMED,--add-opens=java.base/java.net=ALL-UNNAMED,--add-opens=java.base/java.util.concurrent.atomic=ALL-UNNAMED,-Xmx1024m,-Dfile.encoding=UTF-8,-Duser.country=RU,-Duser.language=ru,-Duser.variant]
2025-02-14T16:22:12.674+1000 [DEBUG] [org.gradle.cache.internal.DefaultFileLockManager] Waiting to acquire exclusive lock on daemon addresses registry.
2025-02-14T16:22:12.679+1000 [DEBUG] [org.gradle.cache.internal.DefaultFileLockManager] Lock acquired on daemon addresses registry.
2025-02-14T16:22:12.688+1000 [DEBUG] [org.gradle.cache.internal.DefaultFileLockManager] Releasing lock on daemon addresses registry.
2025-02-14T16:22:12.689+1000 [LIFECYCLE] [org.gradle.launcher.daemon.server.Daemon] Daemon server started.
2025-02-14T16:22:12.692+1000 [DEBUG] [org.gradle.launcher.daemon.bootstrap.DaemonStartupCommunication] Completed writing the daemon greeting. Closing streams...
2025-02-14T16:22:12.703+1000 [DEBUG] [org.gradle.launcher.daemon.server.Daemon] stopOnExpiration() called on daemon
2025-02-14T16:22:12.705+1000 [DEBUG] [org.gradle.launcher.daemon.server.Daemon] awaitExpiration() called on daemon
2025-02-14T16:22:12.706+1000 [DEBUG] [org.gradle.launcher.daemon.server.DaemonStateCoordinator] daemon is running. Sleeping until state changes.
2025-02-14T16:22:12.707+1000 [DEBUG] [org.gradle.internal.remote.internal.inet.TcpIncomingConnector] Accepted connection from /127.0.0.1:50868 to /127.0.0.1:50863.
2025-02-14T16:22:12.874+1000 [DEBUG] [org.gradle.launcher.daemon.server.SynchronizedDispatchConnection] thread 21: received class org.gradle.launcher.daemon.protocol.Build
2025-02-14T16:22:12.875+1000 [DEBUG] [org.gradle.launcher.daemon.server.DefaultDaemonConnection] thread 21: Received non-IO message from client: Build{id=5bdc8ace-04af-47d5-b8a8-d33bc7edf925, currentDir=E:\CurveCalc}
2025-02-14T16:22:12.877+1000 [INFO] [org.gradle.launcher.daemon.server.DefaultIncomingConnectionHandler] Received command: Build{id=5bdc8ace-04af-47d5-b8a8-d33bc7edf925, currentDir=E:\CurveCalc}.
2025-02-14T16:22:12.877+1000 [DEBUG] [org.gradle.launcher.daemon.server.DefaultIncomingConnectionHandler] Starting executing command: Build{id=5bdc8ace-04af-47d5-b8a8-d33bc7edf925, currentDir=E:\CurveCalc} with connection: socket connection from /127.0.0.1:50863 to /127.0.0.1:50868.
2025-02-14T16:22:12.883+1000 [DEBUG] [org.gradle.launcher.daemon.server.DaemonStateCoordinator] Command execution: started DaemonCommandExecution[command = Build{id=5bdc8ace-04af-47d5-b8a8-d33bc7edf925, currentDir=E:\CurveCalc}, connection = DefaultDaemonConnection: socket connection from /127.0.0.1:50863 to /127.0.0.1:50868] after 0.0 minutes of idle
2025-02-14T16:22:12.884+1000 [INFO] [org.gradle.launcher.daemon.server.DaemonRegistryUpdater] Marking the daemon as busy, address: [7c4b75ae-2313-488d-a6e0-0852f360e1b3 port:50863, addresses:[localhost/127.0.0.1]]
2025-02-14T16:22:12.885+1000 [DEBUG] [org.gradle.launcher.daemon.registry.PersistentDaemonRegistry] Marking busy by address: [7c4b75ae-2313-488d-a6e0-0852f360e1b3 port:50863, addresses:[localhost/127.0.0.1]]
2025-02-14T16:22:12.887+1000 [DEBUG] [org.gradle.cache.internal.DefaultFileLockManager] Waiting to acquire exclusive lock on daemon addresses registry.
2025-02-14T16:22:12.888+1000 [DEBUG] [org.gradle.cache.internal.DefaultFileLockManager] Lock acquired on daemon addresses registry.
2025-02-14T16:22:12.891+1000 [DEBUG] [org.gradle.cache.internal.DefaultFileLockManager] Releasing lock on daemon addresses registry.
2025-02-14T16:22:12.893+1000 [DEBUG] [org.gradle.launcher.daemon.server.DaemonStateCoordinator] resetting idle timer
2025-02-14T16:22:12.893+1000 [DEBUG] [org.gradle.launcher.daemon.server.DaemonStateCoordinator] daemon is running. Sleeping until state changes.
2025-02-14T16:22:12.895+1000 [INFO] [org.gradle.launcher.daemon.server.exec.StartBuildOrRespondWithBusy] Daemon is about to start building Build{id=5bdc8ace-04af-47d5-b8a8-d33bc7edf925, currentDir=E:\CurveCalc}. Dispatching build started information...
2025-02-14T16:22:12.896+1000 [DEBUG] [org.gradle.launcher.daemon.server.SynchronizedDispatchConnection] thread 23: dispatching org.gradle.launcher.daemon.protocol.BuildStarted@79d34843
2025-02-14T16:22:12.900+1000 [DEBUG] [org.gradle.launcher.daemon.server.exec.EstablishBuildEnvironment] Configuring env variables: [USERDOMAIN_ROAMINGPROFILE, LOCALAPPDATA, PROCESSOR_LEVEL, USERDOMAIN, LOGONSERVER, FPS_BROWSER_APP_PROFILE_STRING, JAVA_HOME, SESSIONNAME, ALLUSERSPROFILE, PROCESSOR_ARCHITECTURE, PSModulePath, SystemDrive, asl.log, APPDATA, USERNAME, ProgramFiles(x86), CommonProgramFiles, Path, FPS_BROWSER_USER_PROFILE_STRING, PATHEXT, DriverData, OS, COMPUTERNAME, PROCESSOR_REVISION, CommonProgramW6432, ComSpec, ProgramData, ProgramW6432, TEMP, HOMEPATH, SystemRoot, PROCESSOR_IDENTIFIER, HOMEDRIVE, USERPROFILE, TMP, CommonProgramFiles(x86), ProgramFiles, PUBLIC, windir, NUMBER_OF_PROCESSORS, =::, IDEA_INITIAL_DIRECTORY]
2025-02-14T16:22:12.903+1000 [DEBUG] [org.gradle.launcher.daemon.server.SynchronizedDispatchConnection] thread 21: received class org.gradle.launcher.daemon.protocol.CloseInput
2025-02-14T16:22:12.903+1000 [DEBUG] [org.gradle.launcher.daemon.server.DefaultDaemonConnection] thread 21: Received IO message from client: org.gradle.launcher.daemon.protocol.CloseInput@74dc05f0
2025-02-14T16:22:12.910+1000 [DEBUG] [org.gradle.launcher.daemon.server.exec.LogToClient] About to start relaying all logs to the client via the connection.
2025-02-14T16:22:12.911+1000 [INFO] [org.gradle.launcher.daemon.server.exec.LogToClient] The client will now receive all logging from the daemon (pid: 3552). The daemon log file: E:\CurveCalc\daemon\8.0\daemon-3552.out.log
2025-02-14T16:22:12.915+1000 [INFO] [org.gradle.launcher.daemon.server.exec.LogAndCheckHealth] Starting build in new daemon [memory: 1 GiB]
2025-02-14T16:22:12.917+1000 [INFO] [org.gradle.launcher.daemon.server.exec.ForwardClientInput] Closing daemon's stdin at end of input.
2025-02-14T16:22:12.918+1000 [INFO] [org.gradle.launcher.daemon.server.exec.ForwardClientInput] The daemon will no longer process any standard input.
2025-02-14T16:22:12.927+1000 [DEBUG] [org.gradle.launcher.daemon.server.exec.ExecuteBuild] The daemon has started executing the build.
2025-02-14T16:22:12.928+1000 [DEBUG] [org.gradle.launcher.daemon.server.exec.ExecuteBuild] Executing build with daemon context: DefaultDaemonContext[uid=09ee4e36-e564-4622-a7f1-a2ea1a435e7e,javaHome=C:\Program Files\Android\Android Studio\jbr,daemonRegistryDir=E:\CurveCalc\daemon,pid=3552,idleTimeout=10800000,priority=NORMAL,daemonOpts=--add-opens=java.base/java.util=ALL-UNNAMED,--add-opens=java.base/java.lang=ALL-UNNAMED,--add-opens=java.base/java.lang.invoke=ALL-UNNAMED,--add-opens=java.prefs/java.util.prefs=ALL-UNNAMED,--add-opens=java.base/java.nio.charset=ALL-UNNAMED,--add-opens=java.base/java.net=ALL-UNNAMED,--add-opens=java.base/java.util.concurrent.atomic=ALL-UNNAMED,-Xmx1024m,-Dfile.encoding=UTF-8,-Duser.country=RU,-Duser.language=ru,-Duser.variant]
Daemon will be stopped at the end of the build after the daemon was no longer found in the daemon registry

BUILD SUCCESSFUL in 58s
2025-02-14T16:22:58.998+1000 [DEBUG] [org.gradle.launcher.daemon.server.exec.ExecuteBuild] The daemon has finished executing the build.
2025-02-14T16:22:59.016+1000 [DEBUG] [org.gradle.launcher.daemon.server.DaemonStateCoordinator] daemon stop has been requested. Sleeping until state changes.
2025-02-14T16:22:59.018+1000 [DEBUG] [org.gradle.launcher.daemon.server.DaemonStateCoordinator] Command execution: finished waiting for DaemonCommandExecution[command = Build{id=5bdc8ace-04af-47d5-b8a8-d33bc7edf925, currentDir=E:\CurveCalc}, connection = DefaultDaemonConnection: socket connection from /127.0.0.1:50863 to /127.0.0.1:50868]. Result org.gradle.launcher.daemon.server.DaemonStateCoordinator@3aa3cb84 with state StopRequested
2025-02-14T16:22:59.059+1000 [DEBUG] [org.gradle.launcher.daemon.server.DaemonStateCoordinator] Command execution: completed DaemonCommandExecution[command = Build{id=5bdc8ace-04af-47d5-b8a8-d33bc7edf925, currentDir=E:\CurveCalc}, connection = DefaultDaemonConnection: socket connection from /127.0.0.1:50863 to /127.0.0.1:50868]
2025-02-14T16:22:59.059+1000 [DEBUG] [org.gradle.launcher.daemon.server.DaemonStateCoordinator] resetting idle timer
2025-02-14T16:22:59.060+1000 [DEBUG] [org.gradle.launcher.daemon.server.DaemonStateCoordinator] Marking daemon stopped due to command completed and stop requested. The daemon is running a build: false
2025-02-14T16:22:59.061+1000 [DEBUG] [org.gradle.launcher.daemon.server.DaemonStateCoordinator] daemon has stopped.
2025-02-14T16:22:59.062+1000 [DEBUG] [org.gradle.launcher.daemon.server.Daemon] stop() called on daemon
2025-02-14T16:22:59.062+1000 [INFO] [org.gradle.launcher.daemon.server.Daemon] Stop requested. Daemon is removing its presence from the registry...
2025-02-14T16:22:59.063+1000 [DEBUG] [org.gradle.launcher.daemon.server.DaemonRegistryUpdater] Removing our presence to clients, eg. removing this address from the registry: [7c4b75ae-2313-488d-a6e0-0852f360e1b3 port:50863, addresses:[localhost/127.0.0.1]]
2025-02-14T16:22:59.063+1000 [DEBUG] [org.gradle.launcher.daemon.registry.PersistentDaemonRegistry] Removing daemon address: [7c4b75ae-2313-488d-a6e0-0852f360e1b3 port:50863, addresses:[localhost/127.0.0.1]]
2025-02-14T16:22:59.062+1000 [DEBUG] [org.gradle.launcher.daemon.server.exec.ReturnResult] Daemon is dispatching the build result: Success[value=org.gradle.launcher.exec.BuildActionResult@4b1b6abf]
2025-02-14T16:22:59.064+1000 [DEBUG] [org.gradle.launcher.daemon.server.SynchronizedDispatchConnection] thread 20: dispatching Success[value=org.gradle.launcher.exec.BuildActionResult@4b1b6abf]
2025-02-14T16:22:59.065+1000 [DEBUG] [org.gradle.cache.internal.DefaultFileLockManager] Waiting to acquire exclusive lock on daemon addresses registry.
2025-02-14T16:22:59.066+1000 [DEBUG] [org.gradle.launcher.daemon.server.SynchronizedDispatchConnection] thread 21: received class org.gradle.launcher.daemon.protocol.Finished
2025-02-14T16:22:59.067+1000 [DEBUG] [org.gradle.launcher.daemon.server.DefaultDaemonConnection] thread 21: Received non-IO message from client: org.gradle.launcher.daemon.protocol.Finished@4a71f72f
2025-02-14T16:22:59.068+1000 [DEBUG] [org.gradle.internal.remote.internal.inet.SocketConnection] Discarding EOFException: java.io.EOFException
2025-02-14T16:22:59.068+1000 [DEBUG] [org.gradle.launcher.daemon.server.SynchronizedDispatchConnection] thread 21: received null
2025-02-14T16:22:59.069+1000 [DEBUG] [org.gradle.launcher.daemon.server.DefaultDaemonConnection] thread 21: Received end-of-input from client.
2025-02-14T16:22:59.070+1000 [DEBUG] [org.gradle.launcher.daemon.server.DefaultIncomingConnectionHandler] Finishing executing command: Build{id=5bdc8ace-04af-47d5-b8a8-d33bc7edf925, currentDir=E:\CurveCalc}
2025-02-14T16:22:59.070+1000 [DEBUG] [org.gradle.launcher.daemon.server.DefaultIncomingConnectionHandler] Received finished message: null
2025-02-14T16:22:59.071+1000 [DEBUG] [org.gradle.launcher.daemon.server.SynchronizedDispatchConnection] thread 20: stopping connection
2025-02-14T16:22:59.073+1000 [DEBUG] [org.gradle.launcher.daemon.server.SynchronizedDispatchConnection] thread 20: stopping connection
2025-02-14T16:22:59.073+1000 [DEBUG] [org.gradle.cache.internal.DefaultFileLockManager] Lock acquired on daemon addresses registry.
2025-02-14T16:22:59.077+1000 [DEBUG] [org.gradle.cache.internal.DefaultFileLockManager] Releasing lock on daemon addresses registry.
2025-02-14T16:22:59.079+1000 [DEBUG] [org.gradle.launcher.daemon.server.DaemonRegistryUpdater] Address removed from registry.
2025-02-14T16:22:59.081+1000 [DEBUG] [org.gradle.cache.internal.LockOnDemandCrossProcessCacheAccess] Releasing file lock for jars (E:\CurveCalc\caches\jars-9)
2025-02-14T16:22:59.082+1000 [DEBUG] [org.gradle.cache.internal.DefaultFileLockManager] Releasing lock on jars (E:\CurveCalc\caches\jars-9).
2025-02-14T16:22:59.084+1000 [DEBUG] [org.gradle.cache.internal.DefaultPersistentDirectoryStore] jars (E:\CurveCalc\caches\jars-9) has last been fully cleaned up 53 hours ago
2025-02-14T16:22:59.093+1000 [INFO] [org.gradle.cache.internal.AbstractCacheCleanup] jars (E:\CurveCalc\caches\jars-9) cleanup deleted 0 files/directories.
2025-02-14T16:22:59.093+1000 [INFO] [org.gradle.cache.internal.LeastRecentlyUsedCacheCleanup] jars (E:\CurveCalc\caches\jars-9) removing files not accessed on or after Fri Feb 07 16:22:20 VLAT 2025.
2025-02-14T16:22:59.126+1000 [INFO] [org.gradle.cache.internal.AbstractCacheCleanup] jars (E:\CurveCalc\caches\jars-9) cleanup deleted 0 files/directories.
2025-02-14T16:22:59.133+1000 [INFO] [org.gradle.cache.internal.DefaultPersistentDirectoryStore] jars (E:\CurveCalc\caches\jars-9) cleaned up in 0.046 secs.
2025-02-14T16:22:59.133+1000 [DEBUG] [org.gradle.cache.internal.LockOnDemandCrossProcessCacheAccess] Releasing file lock for Artifact transforms cache (E:\CurveCalc\caches\transforms-3)
2025-02-14T16:22:59.134+1000 [DEBUG] [org.gradle.cache.internal.DefaultFileLockManager] Releasing lock on Artifact transforms cache (E:\CurveCalc\caches\transforms-3).
2025-02-14T16:22:59.139+1000 [DEBUG] [org.gradle.cache.internal.DefaultPersistentDirectoryStore] Artifact transforms cache (E:\CurveCalc\caches\transforms-3) has last been fully cleaned up 53 hours ago
2025-02-14T16:22:59.143+1000 [INFO] [org.gradle.cache.internal.LeastRecentlyUsedCacheCleanup] Artifact transforms cache (E:\CurveCalc\caches\transforms-3) removing files not accessed on or after Fri Feb 07 16:22:20 VLAT 2025.
2025-02-14T16:22:59.698+1000 [INFO] [org.gradle.cache.internal.AbstractCacheCleanup] Artifact transforms cache (E:\CurveCalc\caches\transforms-3) cleanup deleted 0 files/directories.
2025-02-14T16:22:59.699+1000 [INFO] [org.gradle.cache.internal.DefaultPersistentDirectoryStore] Artifact transforms cache (E:\CurveCalc\caches\transforms-3) cleaned up in 0.561 secs.
2025-02-14T16:22:59.796+1000 [DEBUG] [org.gradle.cache.internal.LockOnDemandCrossProcessCacheAccess] Releasing file lock for file content cache (E:\CurveCalc\caches\8.0\fileContent)
2025-02-14T16:22:59.798+1000 [DEBUG] [org.gradle.cache.internal.DefaultFileLockManager] Releasing lock on file content cache (E:\CurveCalc\caches\8.0\fileContent).
2025-02-14T16:22:59.801+1000 [DEBUG] [org.gradle.internal.watch.vfs.impl.WatchingVirtualFileSystem] Closing VFS, dropping state
2025-02-14T16:22:59.806+1000 [DEBUG] [org.gradle.internal.watch.registry.impl.DefaultFileWatcherRegistry] Finished listening to file system change events
2025-02-14T16:22:59.806+1000 [DEBUG] [org.gradle.cache.internal.DefaultCacheAccess] Cache Generated Gradle JARs cache (E:\CurveCalc\caches\8.0\generated-gradle-jars) was closed 0 times.
2025-02-14T16:22:59.807+1000 [DEBUG] [org.gradle.cache.internal.LockOnDemandCrossProcessCacheAccess] Releasing file lock for artifact cache (E:\CurveCalc\caches\modules-2)
2025-02-14T16:22:59.807+1000 [DEBUG] [org.gradle.cache.internal.btree.BTreePersistentIndexedCache] Closing cache module-metadata.bin (E:\CurveCalc\caches\modules-2\metadata-2.100\module-metadata.bin)
2025-02-14T16:22:59.818+1000 [DEBUG] [org.gradle.cache.internal.btree.BTreePersistentIndexedCache] Closing cache module-artifact.bin (E:\CurveCalc\caches\modules-2\metadata-2.100\module-artifact.bin)
2025-02-14T16:22:59.818+1000 [DEBUG] [org.gradle.cache.internal.btree.BTreePersistentIndexedCache] Closing cache module-artifacts.bin (E:\CurveCalc\caches\modules-2\metadata-2.100\module-artifacts.bin)
2025-02-14T16:22:59.819+1000 [DEBUG] [org.gradle.cache.internal.DefaultFileLockManager] Releasing lock on artifact cache (E:\CurveCalc\caches\modules-2).
2025-02-14T16:22:59.820+1000 [DEBUG] [org.gradle.cache.internal.DefaultPersistentDirectoryStore] artifact cache (E:\CurveCalc\caches\modules-2) has last been fully cleaned up 53 hours ago
2025-02-14T16:22:59.822+1000 [INFO] [org.gradle.cache.internal.AbstractCacheCleanup] artifact cache (E:\CurveCalc\caches\modules-2) cleanup deleted 0 files/directories.
2025-02-14T16:22:59.825+1000 [INFO] [org.gradle.cache.internal.AbstractCacheCleanup] artifact cache (E:\CurveCalc\caches\modules-2) [subdir: E:\CurveCalc\caches\modules-2\resources-2.1] cleanup deleted 0 files/directories.
2025-02-14T16:22:59.826+1000 [INFO] [org.gradle.cache.internal.LeastRecentlyUsedCacheCleanup] artifact cache (E:\CurveCalc\caches\modules-2) [subdir: E:\CurveCalc\caches\modules-2\resources-2.1] removing files not accessed on or after Wed Jan 15 16:22:20 VLAT 2025.
2025-02-14T16:22:59.826+1000 [INFO] [org.gradle.cache.internal.AbstractCacheCleanup] artifact cache (E:\CurveCalc\caches\modules-2) [subdir: E:\CurveCalc\caches\modules-2\resources-2.1] cleanup deleted 0 files/directories.
2025-02-14T16:22:59.829+1000 [INFO] [org.gradle.cache.internal.AbstractCacheCleanup] artifact cache (E:\CurveCalc\caches\modules-2) [subdir: E:\CurveCalc\caches\modules-2\files-2.1] cleanup deleted 0 files/directories.
2025-02-14T16:22:59.829+1000 [INFO] [org.gradle.cache.internal.LeastRecentlyUsedCacheCleanup] artifact cache (E:\CurveCalc\caches\modules-2) [subdir: E:\CurveCalc\caches\modules-2\files-2.1] removing files not accessed on or after Wed Jan 15 16:22:20 VLAT 2025.
2025-02-14T16:23:00.182+1000 [INFO] [org.gradle.cache.internal.AbstractCacheCleanup] artifact cache (E:\CurveCalc\caches\modules-2) [subdir: E:\CurveCalc\caches\modules-2\files-2.1] cleanup deleted 0 files/directories.
2025-02-14T16:23:00.184+1000 [INFO] [org.gradle.cache.internal.AbstractCacheCleanup] artifact cache (E:\CurveCalc\caches\modules-2) [subdir: E:\CurveCalc\caches\modules-2\metadata-2.100] cleanup deleted 0 files/directories.
2025-02-14T16:23:00.200+1000 [INFO] [org.gradle.cache.internal.DefaultPersistentDirectoryStore] artifact cache (E:\CurveCalc\caches\modules-2) cleaned up in 0.378 secs.
2025-02-14T16:23:00.201+1000 [DEBUG] [org.gradle.cache.internal.LockOnDemandCrossProcessCacheAccess] Releasing file lock for journal cache (E:\CurveCalc\caches\journal-1)
2025-02-14T16:23:00.201+1000 [DEBUG] [org.gradle.cache.internal.btree.BTreePersistentIndexedCache] Closing cache file-access.bin (E:\CurveCalc\caches\journal-1\file-access.bin)
2025-02-14T16:23:00.202+1000 [DEBUG] [org.gradle.cache.internal.DefaultFileLockManager] Releasing lock on journal cache (E:\CurveCalc\caches\journal-1).
2025-02-14T16:23:00.223+1000 [DEBUG] [org.gradle.cache.internal.LockOnDemandCrossProcessCacheAccess] Releasing file lock for file hash cache (E:\CurveCalc\caches\8.0\fileHashes)
2025-02-14T16:23:00.223+1000 [DEBUG] [org.gradle.cache.internal.btree.BTreePersistentIndexedCache] Closing cache fileHashes.bin (E:\CurveCalc\caches\8.0\fileHashes\fileHashes.bin)
2025-02-14T16:23:00.224+1000 [DEBUG] [org.gradle.cache.internal.btree.BTreePersistentIndexedCache] Closing cache resourceHashesCache.bin (E:\CurveCalc\caches\8.0\fileHashes\resourceHashesCache.bin)
2025-02-14T16:23:00.224+1000 [DEBUG] [org.gradle.cache.internal.DefaultFileLockManager] Releasing lock on file hash cache (E:\CurveCalc\caches\8.0\fileHashes).
2025-02-14T16:23:00.225+1000 [DEBUG] [org.gradle.cache.internal.LockOnDemandCrossProcessCacheAccess] Releasing file lock for execution history cache (E:\CurveCalc\caches\8.0\executionHistory)
2025-02-14T16:23:00.225+1000 [DEBUG] [org.gradle.cache.internal.btree.BTreePersistentIndexedCache] Closing cache executionHistory.bin (E:\CurveCalc\caches\8.0\executionHistory\executionHistory.bin)
2025-02-14T16:23:00.225+1000 [DEBUG] [org.gradle.cache.internal.DefaultFileLockManager] Releasing lock on execution history cache (E:\CurveCalc\caches\8.0\executionHistory).
2025-02-14T16:23:00.228+1000 [DEBUG] [org.gradle.cache.internal.VersionSpecificCacheCleanupAction] Processed version-specific caches at E:\CurveCalc\caches for cleanup in 0.0 secs
Daemon vm is shutting down... The daemon has exited normally or was terminated in response to a user interrupt.
2025-02-14T16:23:00.389+1000 [DEBUG] [org.gradle.launcher.daemon.registry.PersistentDaemonRegistry] Removing daemon address: [7c4b75ae-2313-488d-a6e0-0852f360e1b3 port:50863, addresses:[localhost/127.0.0.1]]
2025-02-14T16:23:00.390+1000 [DEBUG] [org.gradle.cache.internal.DefaultFileLockManager] Waiting to acquire exclusive lock on daemon addresses registry.
2025-02-14T16:23:00.391+1000 [DEBUG] [org.gradle.cache.internal.DefaultFileLockManager] Lock acquired on daemon addresses registry.
2025-02-14T16:23:00.393+1000 [DEBUG] [org.gradle.cache.internal.DefaultFileLockManager] Releasing lock on daemon addresses registry.
