2024-07-30T21:41:12.856+1000 [DEBUG] [org.gradle.launcher.daemon.bootstrap.DaemonMain] Assuming the daemon was started with following jvm opts: [--add-opens=java.base/java.util=ALL-UNNAMED, --add-opens=java.base/java.lang=ALL-UNNAMED, --add-opens=java.base/java.lang.invoke=ALL-UNNAMED, --add-opens=java.prefs/java.util.prefs=ALL-UNNAMED, --add-opens=java.base/java.nio.charset=ALL-UNNAMED, --add-opens=java.base/java.net=ALL-UNNAMED, --add-opens=java.base/java.util.concurrent.atomic=ALL-UNNAMED, -Xmx1024m, -Dfile.encoding=UTF-8, -Duser.country=RU, -Duser.language=ru, -Duser.variant]
2024-07-30T21:41:13.184+1000 [DEBUG] [org.gradle.internal.nativeintegration.services.NativeServices] Native-platform posix files integration is not available. Continuing with fallback.
2024-07-30T21:41:13.207+1000 [INFO] [org.gradle.launcher.daemon.server.Daemon] start() called on daemon - DefaultDaemonContext[uid=33e24c97-63ad-4d7c-abf2-e6384b105ca0,javaHome=C:\Program Files\Android\Android Studio\jbr,daemonRegistryDir=E:\CurveCalc\daemon,pid=8268,idleTimeout=10800000,priority=NORMAL,daemonOpts=--add-opens=java.base/java.util=ALL-UNNAMED,--add-opens=java.base/java.lang=ALL-UNNAMED,--add-opens=java.base/java.lang.invoke=ALL-UNNAMED,--add-opens=java.prefs/java.util.prefs=ALL-UNNAMED,--add-opens=java.base/java.nio.charset=ALL-UNNAMED,--add-opens=java.base/java.net=ALL-UNNAMED,--add-opens=java.base/java.util.concurrent.atomic=ALL-UNNAMED,-Xmx1024m,-Dfile.encoding=UTF-8,-Duser.country=RU,-Duser.language=ru,-Duser.variant]
2024-07-30T21:41:13.300+1000 [DEBUG] [org.gradle.internal.remote.internal.inet.InetAddresses] Adding IP addresses for network interface Software Loopback Interface 1
2024-07-30T21:41:13.302+1000 [DEBUG] [org.gradle.internal.remote.internal.inet.InetAddresses] Is this a loopback interface? true
2024-07-30T21:41:13.303+1000 [DEBUG] [org.gradle.internal.remote.internal.inet.InetAddresses] Adding loopback address /127.0.0.1
2024-07-30T21:41:13.303+1000 [DEBUG] [org.gradle.internal.remote.internal.inet.InetAddresses] Adding loopback address /0:0:0:0:0:0:0:1
2024-07-30T21:41:13.304+1000 [DEBUG] [org.gradle.internal.remote.internal.inet.InetAddresses] Adding IP addresses for network interface Microsoft 6to4 Adapter
2024-07-30T21:41:13.306+1000 [DEBUG] [org.gradle.internal.remote.internal.inet.InetAddresses] Is this a loopback interface? false
2024-07-30T21:41:13.307+1000 [DEBUG] [org.gradle.internal.remote.internal.inet.InetAddresses] Adding IP addresses for network interface WAN Miniport (L2TP)
2024-07-30T21:41:13.308+1000 [DEBUG] [org.gradle.internal.remote.internal.inet.InetAddresses] Is this a loopback interface? false
2024-07-30T21:41:13.309+1000 [DEBUG] [org.gradle.internal.remote.internal.inet.InetAddresses] Adding IP addresses for network interface WAN Miniport (Network Monitor)
2024-07-30T21:41:13.311+1000 [DEBUG] [org.gradle.internal.remote.internal.inet.InetAddresses] Is this a loopback interface? false
2024-07-30T21:41:13.311+1000 [DEBUG] [org.gradle.internal.remote.internal.inet.InetAddresses] Adding IP addresses for network interface Realtek PCIe GbE Family Controller
2024-07-30T21:41:13.313+1000 [DEBUG] [org.gradle.internal.remote.internal.inet.InetAddresses] Is this a loopback interface? false
2024-07-30T21:41:13.314+1000 [DEBUG] [org.gradle.internal.remote.internal.inet.InetAddresses] Adding remote address /192.168.0.16
2024-07-30T21:41:13.315+1000 [DEBUG] [org.gradle.internal.remote.internal.inet.InetAddresses] Adding remote address /fe80:0:0:0:e522:fbec:7a75:450a%eth1
2024-07-30T21:41:13.315+1000 [DEBUG] [org.gradle.internal.remote.internal.inet.InetAddresses] Adding IP addresses for network interface WAN Miniport (SSTP)
2024-07-30T21:41:13.317+1000 [DEBUG] [org.gradle.internal.remote.internal.inet.InetAddresses] Is this a loopback interface? false
2024-07-30T21:41:13.317+1000 [DEBUG] [org.gradle.internal.remote.internal.inet.InetAddresses] Adding IP addresses for network interface Microsoft IP-HTTPS Platform Adapter
2024-07-30T21:41:13.319+1000 [DEBUG] [org.gradle.internal.remote.internal.inet.InetAddresses] Is this a loopback interface? false
2024-07-30T21:41:13.319+1000 [DEBUG] [org.gradle.internal.remote.internal.inet.InetAddresses] Adding IP addresses for network interface WAN Miniport (PPTP)
2024-07-30T21:41:13.321+1000 [DEBUG] [org.gradle.internal.remote.internal.inet.InetAddresses] Is this a loopback interface? false
2024-07-30T21:41:13.321+1000 [DEBUG] [org.gradle.internal.remote.internal.inet.InetAddresses] Adding IP addresses for network interface WAN Miniport (PPPOE)
2024-07-30T21:41:13.323+1000 [DEBUG] [org.gradle.internal.remote.internal.inet.InetAddresses] Is this a loopback interface? false
2024-07-30T21:41:13.324+1000 [DEBUG] [org.gradle.internal.remote.internal.inet.InetAddresses] Adding IP addresses for network interface Microsoft Kernel Debug Network Adapter
2024-07-30T21:41:13.325+1000 [DEBUG] [org.gradle.internal.remote.internal.inet.InetAddresses] Is this a loopback interface? false
2024-07-30T21:41:13.326+1000 [DEBUG] [org.gradle.internal.remote.internal.inet.InetAddresses] Adding IP addresses for network interface Microsoft Teredo Tunneling Adapter
2024-07-30T21:41:13.327+1000 [DEBUG] [org.gradle.internal.remote.internal.inet.InetAddresses] Is this a loopback interface? false
2024-07-30T21:41:13.328+1000 [DEBUG] [org.gradle.internal.remote.internal.inet.InetAddresses] Adding IP addresses for network interface WAN Miniport (IPv6)
2024-07-30T21:41:13.330+1000 [DEBUG] [org.gradle.internal.remote.internal.inet.InetAddresses] Is this a loopback interface? false
2024-07-30T21:41:13.330+1000 [DEBUG] [org.gradle.internal.remote.internal.inet.InetAddresses] Adding IP addresses for network interface WAN Miniport (IP)
2024-07-30T21:41:13.332+1000 [DEBUG] [org.gradle.internal.remote.internal.inet.InetAddresses] Is this a loopback interface? false
2024-07-30T21:41:13.333+1000 [DEBUG] [org.gradle.internal.remote.internal.inet.InetAddresses] Adding IP addresses for network interface WAN Miniport (IKEv2)
2024-07-30T21:41:13.335+1000 [DEBUG] [org.gradle.internal.remote.internal.inet.InetAddresses] Is this a loopback interface? false
2024-07-30T21:41:13.335+1000 [DEBUG] [org.gradle.internal.remote.internal.inet.InetAddresses] Adding IP addresses for network interface Realtek PCIe GbE Family Controller-WFP Native MAC Layer LightWeight Filter-0000
2024-07-30T21:41:13.337+1000 [DEBUG] [org.gradle.internal.remote.internal.inet.InetAddresses] Is this a loopback interface? false
2024-07-30T21:41:13.337+1000 [DEBUG] [org.gradle.internal.remote.internal.inet.InetAddresses] Adding IP addresses for network interface Realtek PCIe GbE Family Controller-QoS Packet Scheduler-0000
2024-07-30T21:41:13.339+1000 [DEBUG] [org.gradle.internal.remote.internal.inet.InetAddresses] Is this a loopback interface? false
2024-07-30T21:41:13.340+1000 [DEBUG] [org.gradle.internal.remote.internal.inet.InetAddresses] Adding IP addresses for network interface Realtek PCIe GbE Family Controller-WFP 802.3 MAC Layer LightWeight Filter-0000
2024-07-30T21:41:13.341+1000 [DEBUG] [org.gradle.internal.remote.internal.inet.InetAddresses] Is this a loopback interface? false
2024-07-30T21:41:13.342+1000 [DEBUG] [org.gradle.internal.remote.internal.inet.InetAddresses] Adding IP addresses for network interface WAN Miniport (IP)-WFP Native MAC Layer LightWeight Filter-0000
2024-07-30T21:41:13.343+1000 [DEBUG] [org.gradle.internal.remote.internal.inet.InetAddresses] Is this a loopback interface? false
2024-07-30T21:41:13.343+1000 [DEBUG] [org.gradle.internal.remote.internal.inet.InetAddresses] Adding IP addresses for network interface WAN Miniport (IP)-QoS Packet Scheduler-0000
2024-07-30T21:41:13.345+1000 [DEBUG] [org.gradle.internal.remote.internal.inet.InetAddresses] Is this a loopback interface? false
2024-07-30T21:41:13.345+1000 [DEBUG] [org.gradle.internal.remote.internal.inet.InetAddresses] Adding IP addresses for network interface WAN Miniport (IPv6)-WFP Native MAC Layer LightWeight Filter-0000
2024-07-30T21:41:13.347+1000 [DEBUG] [org.gradle.internal.remote.internal.inet.InetAddresses] Is this a loopback interface? false
2024-07-30T21:41:13.347+1000 [DEBUG] [org.gradle.internal.remote.internal.inet.InetAddresses] Adding IP addresses for network interface WAN Miniport (IPv6)-QoS Packet Scheduler-0000
2024-07-30T21:41:13.349+1000 [DEBUG] [org.gradle.internal.remote.internal.inet.InetAddresses] Is this a loopback interface? false
2024-07-30T21:41:13.349+1000 [DEBUG] [org.gradle.internal.remote.internal.inet.InetAddresses] Adding IP addresses for network interface WAN Miniport (Network Monitor)-WFP Native MAC Layer LightWeight Filter-0000
2024-07-30T21:41:13.351+1000 [DEBUG] [org.gradle.internal.remote.internal.inet.InetAddresses] Is this a loopback interface? false
2024-07-30T21:41:13.351+1000 [DEBUG] [org.gradle.internal.remote.internal.inet.InetAddresses] Adding IP addresses for network interface WAN Miniport (Network Monitor)-QoS Packet Scheduler-0000
2024-07-30T21:41:13.353+1000 [DEBUG] [org.gradle.internal.remote.internal.inet.InetAddresses] Is this a loopback interface? false
2024-07-30T21:41:13.360+1000 [DEBUG] [org.gradle.internal.remote.internal.inet.TcpIncomingConnector] Listening on [86e774ea-4676-4182-b617-e6ce91c10eeb port:57892, addresses:[localhost/127.0.0.1]].
2024-07-30T21:41:13.373+1000 [DEBUG] [org.gradle.launcher.daemon.server.Daemon] Daemon starting at: Tue Jul 30 21:41:13 VLAT 2024, with address: [86e774ea-4676-4182-b617-e6ce91c10eeb port:57892, addresses:[localhost/127.0.0.1]]
2024-07-30T21:41:13.373+1000 [INFO] [org.gradle.launcher.daemon.server.DaemonRegistryUpdater] Advertising the daemon address to the clients: [86e774ea-4676-4182-b617-e6ce91c10eeb port:57892, addresses:[localhost/127.0.0.1]]
2024-07-30T21:41:13.374+1000 [DEBUG] [org.gradle.launcher.daemon.server.DaemonRegistryUpdater] Advertised daemon context: DefaultDaemonContext[uid=33e24c97-63ad-4d7c-abf2-e6384b105ca0,javaHome=C:\Program Files\Android\Android Studio\jbr,daemonRegistryDir=E:\CurveCalc\daemon,pid=8268,idleTimeout=10800000,priority=NORMAL,daemonOpts=--add-opens=java.base/java.util=ALL-UNNAMED,--add-opens=java.base/java.lang=ALL-UNNAMED,--add-opens=java.base/java.lang.invoke=ALL-UNNAMED,--add-opens=java.prefs/java.util.prefs=ALL-UNNAMED,--add-opens=java.base/java.nio.charset=ALL-UNNAMED,--add-opens=java.base/java.net=ALL-UNNAMED,--add-opens=java.base/java.util.concurrent.atomic=ALL-UNNAMED,-Xmx1024m,-Dfile.encoding=UTF-8,-Duser.country=RU,-Duser.language=ru,-Duser.variant]
2024-07-30T21:41:13.375+1000 [DEBUG] [org.gradle.launcher.daemon.registry.PersistentDaemonRegistry] Storing daemon address: [86e774ea-4676-4182-b617-e6ce91c10eeb port:57892, addresses:[localhost/127.0.0.1]], context: DefaultDaemonContext[uid=33e24c97-63ad-4d7c-abf2-e6384b105ca0,javaHome=C:\Program Files\Android\Android Studio\jbr,daemonRegistryDir=E:\CurveCalc\daemon,pid=8268,idleTimeout=10800000,priority=NORMAL,daemonOpts=--add-opens=java.base/java.util=ALL-UNNAMED,--add-opens=java.base/java.lang=ALL-UNNAMED,--add-opens=java.base/java.lang.invoke=ALL-UNNAMED,--add-opens=java.prefs/java.util.prefs=ALL-UNNAMED,--add-opens=java.base/java.nio.charset=ALL-UNNAMED,--add-opens=java.base/java.net=ALL-UNNAMED,--add-opens=java.base/java.util.concurrent.atomic=ALL-UNNAMED,-Xmx1024m,-Dfile.encoding=UTF-8,-Duser.country=RU,-Duser.language=ru,-Duser.variant]
2024-07-30T21:41:13.389+1000 [DEBUG] [org.gradle.cache.internal.DefaultFileLockManager] Waiting to acquire exclusive lock on daemon addresses registry.
2024-07-30T21:41:13.393+1000 [DEBUG] [org.gradle.cache.internal.DefaultFileLockManager] Lock acquired on daemon addresses registry.
2024-07-30T21:41:13.400+1000 [DEBUG] [org.gradle.cache.internal.DefaultFileLockManager] Releasing lock on daemon addresses registry.
2024-07-30T21:41:13.401+1000 [LIFECYCLE] [org.gradle.launcher.daemon.server.Daemon] Daemon server started.
2024-07-30T21:41:13.403+1000 [DEBUG] [org.gradle.launcher.daemon.bootstrap.DaemonStartupCommunication] Completed writing the daemon greeting. Closing streams...
2024-07-30T21:41:13.409+1000 [DEBUG] [org.gradle.internal.remote.internal.inet.TcpIncomingConnector] Accepted connection from /127.0.0.1:57893 to /127.0.0.1:57892.
2024-07-30T21:41:13.412+1000 [DEBUG] [org.gradle.launcher.daemon.server.Daemon] stopOnExpiration() called on daemon
2024-07-30T21:41:13.415+1000 [DEBUG] [org.gradle.launcher.daemon.server.Daemon] awaitExpiration() called on daemon
2024-07-30T21:41:13.416+1000 [DEBUG] [org.gradle.launcher.daemon.server.DaemonStateCoordinator] daemon is running. Sleeping until state changes.
2024-07-30T21:41:13.521+1000 [DEBUG] [org.gradle.launcher.daemon.server.SynchronizedDispatchConnection] thread 21: received class org.gradle.launcher.daemon.protocol.Build
2024-07-30T21:41:13.522+1000 [DEBUG] [org.gradle.launcher.daemon.server.DefaultDaemonConnection] thread 21: Received non-IO message from client: Build{id=59007c3c-7f4f-4ebf-a19b-9fa41bb2e5b2, currentDir=E:\CurveCalc}
2024-07-30T21:41:13.522+1000 [INFO] [org.gradle.launcher.daemon.server.DefaultIncomingConnectionHandler] Received command: Build{id=59007c3c-7f4f-4ebf-a19b-9fa41bb2e5b2, currentDir=E:\CurveCalc}.
2024-07-30T21:41:13.523+1000 [DEBUG] [org.gradle.launcher.daemon.server.DefaultIncomingConnectionHandler] Starting executing command: Build{id=59007c3c-7f4f-4ebf-a19b-9fa41bb2e5b2, currentDir=E:\CurveCalc} with connection: socket connection from /127.0.0.1:57892 to /127.0.0.1:57893.
2024-07-30T21:41:13.526+1000 [DEBUG] [org.gradle.launcher.daemon.server.DaemonStateCoordinator] Command execution: started DaemonCommandExecution[command = Build{id=59007c3c-7f4f-4ebf-a19b-9fa41bb2e5b2, currentDir=E:\CurveCalc}, connection = DefaultDaemonConnection: socket connection from /127.0.0.1:57892 to /127.0.0.1:57893] after 0.0 minutes of idle
2024-07-30T21:41:13.526+1000 [INFO] [org.gradle.launcher.daemon.server.DaemonRegistryUpdater] Marking the daemon as busy, address: [86e774ea-4676-4182-b617-e6ce91c10eeb port:57892, addresses:[localhost/127.0.0.1]]
2024-07-30T21:41:13.527+1000 [DEBUG] [org.gradle.launcher.daemon.registry.PersistentDaemonRegistry] Marking busy by address: [86e774ea-4676-4182-b617-e6ce91c10eeb port:57892, addresses:[localhost/127.0.0.1]]
2024-07-30T21:41:13.528+1000 [DEBUG] [org.gradle.cache.internal.DefaultFileLockManager] Waiting to acquire exclusive lock on daemon addresses registry.
2024-07-30T21:41:13.529+1000 [DEBUG] [org.gradle.cache.internal.DefaultFileLockManager] Lock acquired on daemon addresses registry.
2024-07-30T21:41:13.530+1000 [DEBUG] [org.gradle.cache.internal.DefaultFileLockManager] Releasing lock on daemon addresses registry.
2024-07-30T21:41:13.531+1000 [DEBUG] [org.gradle.launcher.daemon.server.DaemonStateCoordinator] resetting idle timer
2024-07-30T21:41:13.531+1000 [DEBUG] [org.gradle.launcher.daemon.server.DaemonStateCoordinator] daemon is running. Sleeping until state changes.
2024-07-30T21:41:13.532+1000 [INFO] [org.gradle.launcher.daemon.server.exec.StartBuildOrRespondWithBusy] Daemon is about to start building Build{id=59007c3c-7f4f-4ebf-a19b-9fa41bb2e5b2, currentDir=E:\CurveCalc}. Dispatching build started information...
2024-07-30T21:41:13.533+1000 [DEBUG] [org.gradle.launcher.daemon.server.SynchronizedDispatchConnection] thread 23: dispatching org.gradle.launcher.daemon.protocol.BuildStarted@730adaeb
2024-07-30T21:41:13.536+1000 [DEBUG] [org.gradle.launcher.daemon.server.exec.EstablishBuildEnvironment] Configuring env variables: [USERDOMAIN_ROAMINGPROFILE, LOCALAPPDATA, PROCESSOR_LEVEL, USERDOMAIN, LOGONSERVER, FPS_BROWSER_APP_PROFILE_STRING, JAVA_HOME, SESSIONNAME, ALLUSERSPROFILE, PROCESSOR_ARCHITECTURE, PSModulePath, SystemDrive, APPDATA, USERNAME, ProgramFiles(x86), CommonProgramFiles, Path, FPS_BROWSER_USER_PROFILE_STRING, PATHEXT, DriverData, OS, COMPUTERNAME, PROCESSOR_REVISION, CommonProgramW6432, ComSpec, ProgramData, ProgramW6432, TEMP, HOMEPATH, SystemRoot, PROCESSOR_IDENTIFIER, HOMEDRIVE, USERPROFILE, TMP, CommonProgramFiles(x86), ProgramFiles, PUBLIC, windir, NUMBER_OF_PROCESSORS, =::, IDEA_INITIAL_DIRECTORY]
2024-07-30T21:41:13.536+1000 [DEBUG] [org.gradle.launcher.daemon.server.SynchronizedDispatchConnection] thread 21: received class org.gradle.launcher.daemon.protocol.CloseInput
2024-07-30T21:41:13.537+1000 [DEBUG] [org.gradle.launcher.daemon.server.DefaultDaemonConnection] thread 21: Received IO message from client: org.gradle.launcher.daemon.protocol.CloseInput@347b2828
2024-07-30T21:41:13.543+1000 [DEBUG] [org.gradle.launcher.daemon.server.exec.LogToClient] About to start relaying all logs to the client via the connection.
2024-07-30T21:41:13.544+1000 [INFO] [org.gradle.launcher.daemon.server.exec.LogToClient] The client will now receive all logging from the daemon (pid: 8268). The daemon log file: E:\CurveCalc\daemon\8.0\daemon-8268.out.log
2024-07-30T21:41:13.548+1000 [INFO] [org.gradle.launcher.daemon.server.exec.LogAndCheckHealth] Starting build in new daemon [memory: 1 GiB]
2024-07-30T21:41:13.550+1000 [INFO] [org.gradle.launcher.daemon.server.exec.ForwardClientInput] Closing daemon's stdin at end of input.
2024-07-30T21:41:13.550+1000 [INFO] [org.gradle.launcher.daemon.server.exec.ForwardClientInput] The daemon will no longer process any standard input.
2024-07-30T21:41:13.554+1000 [DEBUG] [org.gradle.launcher.daemon.server.exec.ExecuteBuild] The daemon has started executing the build.
2024-07-30T21:41:13.555+1000 [DEBUG] [org.gradle.launcher.daemon.server.exec.ExecuteBuild] Executing build with daemon context: DefaultDaemonContext[uid=33e24c97-63ad-4d7c-abf2-e6384b105ca0,javaHome=C:\Program Files\Android\Android Studio\jbr,daemonRegistryDir=E:\CurveCalc\daemon,pid=8268,idleTimeout=10800000,priority=NORMAL,daemonOpts=--add-opens=java.base/java.util=ALL-UNNAMED,--add-opens=java.base/java.lang=ALL-UNNAMED,--add-opens=java.base/java.lang.invoke=ALL-UNNAMED,--add-opens=java.prefs/java.util.prefs=ALL-UNNAMED,--add-opens=java.base/java.nio.charset=ALL-UNNAMED,--add-opens=java.base/java.net=ALL-UNNAMED,--add-opens=java.base/java.util.concurrent.atomic=ALL-UNNAMED,-Xmx1024m,-Dfile.encoding=UTF-8,-Duser.country=RU,-Duser.language=ru,-Duser.variant]
AGPBI: {"kind":"warning","text":"We recommend using a newer Android Gradle plugin to use compileSdk = 34\n\nThis Android Gradle plugin (8.0.2) was tested up to compileSdk = 33.\n\nYou are strongly encouraged to update your project to use a newer\nAndroid Gradle plugin that has been tested with compileSdk = 34.\n\nIf you are already using the latest version of the Android Gradle plugin,\nyou may need to wait until a newer version with support for compileSdk = 34 is available.\n\nTo suppress this warning, add/update\n    android.suppressUnsupportedCompileSdk=34\nto this project's gradle.properties.","sources":[{}]}
AGPBI: {"kind":"warning","text":"Your project has set `android.useAndroidX=true`, but configuration `:app:debugRuntimeClasspath` still contains legacy support libraries, which may cause runtime issues.\nThis behavior will not be allowed in Android Gradle plugin 8.0.\nPlease use only AndroidX dependencies or set `android.enableJetifier=true` in the `gradle.properties` file to migrate your project to AndroidX (see https://developer.android.com/jetpack/androidx/migrate for more info).\nThe following legacy support libraries are detected:\n:app:debugRuntimeClasspath -> com.androidplot:androidplot-core:1.5.10 -> com.android.support:support-annotations:28.0.0\n:app:debugRuntimeClasspath -> com.android.support:cardview-v7:28.0.0","sources":[{}]}
Note: Some input files use or override a deprecated API.
Note: Recompile with -Xlint:deprecation for details.

BUILD SUCCESSFUL in 1m 10s
59 actionable tasks: 15 executed, 44 up-to-date
2024-07-30T21:42:19.278+1000 [DEBUG] [org.gradle.launcher.daemon.server.exec.ExecuteBuild] The daemon has finished executing the build.
2024-07-30T21:42:19.305+1000 [DEBUG] [org.gradle.launcher.daemon.server.DaemonStateCoordinator] daemon is running. Sleeping until state changes.
2024-07-30T21:42:19.305+1000 [DEBUG] [org.gradle.launcher.daemon.server.DaemonStateCoordinator] Command execution: finished waiting for DaemonCommandExecution[command = Build{id=59007c3c-7f4f-4ebf-a19b-9fa41bb2e5b2, currentDir=E:\CurveCalc}, connection = DefaultDaemonConnection: socket connection from /127.0.0.1:57892 to /127.0.0.1:57893]. Result org.gradle.launcher.daemon.server.DaemonStateCoordinator@3719cdd1 with state Busy
2024-07-30T21:42:19.305+1000 [DEBUG] [org.gradle.launcher.daemon.server.DaemonStateCoordinator] Command execution: completed DaemonCommandExecution[command = Build{id=59007c3c-7f4f-4ebf-a19b-9fa41bb2e5b2, currentDir=E:\CurveCalc}, connection = DefaultDaemonConnection: socket connection from /127.0.0.1:57892 to /127.0.0.1:57893]
2024-07-30T21:42:19.306+1000 [DEBUG] [org.gradle.launcher.daemon.server.DaemonStateCoordinator] resetting idle timer
2024-07-30T21:42:19.306+1000 [INFO] [org.gradle.launcher.daemon.server.DaemonRegistryUpdater] Marking the daemon as idle, address: [86e774ea-4676-4182-b617-e6ce91c10eeb port:57892, addresses:[localhost/127.0.0.1]]
2024-07-30T21:42:19.306+1000 [DEBUG] [org.gradle.launcher.daemon.registry.PersistentDaemonRegistry] Marking busy by address: [86e774ea-4676-4182-b617-e6ce91c10eeb port:57892, addresses:[localhost/127.0.0.1]]
2024-07-30T21:42:19.307+1000 [DEBUG] [org.gradle.cache.internal.DefaultFileLockManager] Waiting to acquire exclusive lock on daemon addresses registry.
2024-07-30T21:42:19.308+1000 [DEBUG] [org.gradle.cache.internal.DefaultFileLockManager] Lock acquired on daemon addresses registry.
2024-07-30T21:42:19.310+1000 [DEBUG] [org.gradle.cache.internal.DefaultFileLockManager] Releasing lock on daemon addresses registry.
2024-07-30T21:42:19.311+1000 [DEBUG] [org.gradle.launcher.daemon.server.DaemonStateCoordinator] daemon is running. Sleeping until state changes.
2024-07-30T21:42:19.311+1000 [DEBUG] [org.gradle.launcher.daemon.server.exec.ReturnResult] Daemon is dispatching the build result: Success[value=org.gradle.launcher.exec.BuildActionResult@3f5fd7e8]
2024-07-30T21:42:19.311+1000 [DEBUG] [org.gradle.launcher.daemon.server.SynchronizedDispatchConnection] thread 20: dispatching Success[value=org.gradle.launcher.exec.BuildActionResult@3f5fd7e8]
2024-07-30T21:42:19.312+1000 [DEBUG] [org.gradle.launcher.daemon.server.DefaultIncomingConnectionHandler] Finishing executing command: Build{id=59007c3c-7f4f-4ebf-a19b-9fa41bb2e5b2, currentDir=E:\CurveCalc}
2024-07-30T21:42:19.312+1000 [DEBUG] [org.gradle.launcher.daemon.server.SynchronizedDispatchConnection] thread 21: received class org.gradle.launcher.daemon.protocol.Finished
2024-07-30T21:42:19.313+1000 [DEBUG] [org.gradle.launcher.daemon.server.DefaultDaemonConnection] thread 21: Received non-IO message from client: org.gradle.launcher.daemon.protocol.Finished@30b75abc
2024-07-30T21:42:19.313+1000 [DEBUG] [org.gradle.launcher.daemon.server.DefaultIncomingConnectionHandler] Received finished message: org.gradle.launcher.daemon.protocol.Finished@30b75abc
2024-07-30T21:42:19.314+1000 [DEBUG] [org.gradle.internal.remote.internal.inet.SocketConnection] Discarding EOFException: java.io.EOFException
2024-07-30T21:42:19.314+1000 [DEBUG] [org.gradle.launcher.daemon.server.SynchronizedDispatchConnection] thread 21: received null
2024-07-30T21:42:19.314+1000 [DEBUG] [org.gradle.launcher.daemon.server.DefaultDaemonConnection] thread 21: Received end-of-input from client.
2024-07-30T21:42:19.314+1000 [DEBUG] [org.gradle.launcher.daemon.server.SynchronizedDispatchConnection] thread 20: stopping connection
2024-07-30T21:42:19.318+1000 [DEBUG] [org.gradle.launcher.daemon.server.SynchronizedDispatchConnection] thread 20: stopping connection
2024-07-30T21:42:20.028+1000 [DEBUG] [org.gradle.process.internal.health.memory.DefaultMemoryManager] 853008793 memory requested, 493182976 free
2024-07-30T21:42:20.028+1000 [DEBUG] [org.gradle.workers.internal.WorkerDaemonExpiration] Will attempt to release 813 of memory
2024-07-30T21:42:20.029+1000 [DEBUG] [org.gradle.process.internal.health.memory.DefaultMemoryManager] 853008793 memory requested, 0 released, 493182976 free
2024-07-30T21:42:23.419+1000 [DEBUG] [org.gradle.cache.internal.DefaultFileLockManager] Waiting to acquire shared lock on daemon addresses registry.
2024-07-30T21:42:23.420+1000 [DEBUG] [org.gradle.cache.internal.DefaultFileLockManager] Lock acquired on daemon addresses registry.
2024-07-30T21:42:23.421+1000 [DEBUG] [org.gradle.cache.internal.DefaultFileLockManager] Releasing lock on daemon addresses registry.
2024-07-30T21:42:23.425+1000 [DEBUG] [org.gradle.cache.internal.DefaultFileLockManager] Waiting to acquire shared lock on daemon addresses registry.
2024-07-30T21:42:23.426+1000 [DEBUG] [org.gradle.cache.internal.DefaultFileLockManager] Lock acquired on daemon addresses registry.
2024-07-30T21:42:23.427+1000 [DEBUG] [org.gradle.cache.internal.DefaultFileLockManager] Releasing lock on daemon addresses registry.
2024-07-30T21:42:25.028+1000 [DEBUG] [org.gradle.process.internal.health.memory.DefaultMemoryManager] 853008793 memory requested, 393854976 free
2024-07-30T21:42:25.028+1000 [DEBUG] [org.gradle.workers.internal.WorkerDaemonExpiration] Will attempt to release 813 of memory
2024-07-30T21:42:25.028+1000 [DEBUG] [org.gradle.process.internal.health.memory.DefaultMemoryManager] 853008793 memory requested, 0 released, 393854976 free
2024-07-30T21:42:30.028+1000 [DEBUG] [org.gradle.process.internal.health.memory.DefaultMemoryManager] 853008793 memory requested, 452972544 free
2024-07-30T21:42:30.029+1000 [DEBUG] [org.gradle.workers.internal.WorkerDaemonExpiration] Will attempt to release 813 of memory
2024-07-30T21:42:30.029+1000 [DEBUG] [org.gradle.process.internal.health.memory.DefaultMemoryManager] 853008793 memory requested, 0 released, 452972544 free
2024-07-30T21:42:33.422+1000 [DEBUG] [org.gradle.cache.internal.DefaultFileLockManager] Waiting to acquire shared lock on daemon addresses registry.
2024-07-30T21:42:33.422+1000 [DEBUG] [org.gradle.cache.internal.DefaultFileLockManager] Lock acquired on daemon addresses registry.
2024-07-30T21:42:33.422+1000 [DEBUG] [org.gradle.cache.internal.DefaultFileLockManager] Releasing lock on daemon addresses registry.
2024-07-30T21:42:33.423+1000 [DEBUG] [org.gradle.cache.internal.DefaultFileLockManager] Waiting to acquire shared lock on daemon addresses registry.
2024-07-30T21:42:33.424+1000 [DEBUG] [org.gradle.cache.internal.DefaultFileLockManager] Lock acquired on daemon addresses registry.
2024-07-30T21:42:33.424+1000 [DEBUG] [org.gradle.cache.internal.DefaultFileLockManager] Releasing lock on daemon addresses registry.
2024-07-30T21:42:33.425+1000 [DEBUG] [org.gradle.cache.internal.DefaultFileLockManager] Waiting to acquire shared lock on daemon addresses registry.
2024-07-30T21:42:33.425+1000 [DEBUG] [org.gradle.cache.internal.DefaultFileLockManager] Lock acquired on daemon addresses registry.
2024-07-30T21:42:33.425+1000 [DEBUG] [org.gradle.cache.internal.DefaultFileLockManager] Releasing lock on daemon addresses registry.
2024-07-30T21:42:35.017+1000 [DEBUG] [org.gradle.process.internal.health.memory.DefaultMemoryManager] 853008793 memory requested, 409313280 free
2024-07-30T21:42:35.017+1000 [DEBUG] [org.gradle.workers.internal.WorkerDaemonExpiration] Will attempt to release 813 of memory
2024-07-30T21:42:35.017+1000 [DEBUG] [org.gradle.process.internal.health.memory.DefaultMemoryManager] 853008793 memory requested, 0 released, 409313280 free
2024-07-30T21:42:40.026+1000 [DEBUG] [org.gradle.process.internal.health.memory.DefaultMemoryManager] 853008793 memory requested, 443355136 free
2024-07-30T21:42:40.027+1000 [DEBUG] [org.gradle.workers.internal.WorkerDaemonExpiration] Will attempt to release 813 of memory
2024-07-30T21:42:40.027+1000 [DEBUG] [org.gradle.process.internal.health.memory.DefaultMemoryManager] 853008793 memory requested, 0 released, 443355136 free
2024-07-30T21:42:43.428+1000 [DEBUG] [org.gradle.cache.internal.DefaultFileLockManager] Waiting to acquire shared lock on daemon addresses registry.
2024-07-30T21:42:43.429+1000 [DEBUG] [org.gradle.cache.internal.DefaultFileLockManager] Lock acquired on daemon addresses registry.
2024-07-30T21:42:43.430+1000 [DEBUG] [org.gradle.cache.internal.DefaultFileLockManager] Releasing lock on daemon addresses registry.
2024-07-30T21:42:43.432+1000 [DEBUG] [org.gradle.cache.internal.DefaultFileLockManager] Waiting to acquire shared lock on daemon addresses registry.
2024-07-30T21:42:43.433+1000 [DEBUG] [org.gradle.cache.internal.DefaultFileLockManager] Lock acquired on daemon addresses registry.
2024-07-30T21:42:43.434+1000 [DEBUG] [org.gradle.cache.internal.DefaultFileLockManager] Releasing lock on daemon addresses registry.
2024-07-30T21:42:43.435+1000 [DEBUG] [org.gradle.cache.internal.DefaultFileLockManager] Waiting to acquire shared lock on daemon addresses registry.
2024-07-30T21:42:43.435+1000 [DEBUG] [org.gradle.cache.internal.DefaultFileLockManager] Lock acquired on daemon addresses registry.
2024-07-30T21:42:43.436+1000 [DEBUG] [org.gradle.cache.internal.DefaultFileLockManager] Releasing lock on daemon addresses registry.
2024-07-30T21:42:45.020+1000 [DEBUG] [org.gradle.process.internal.health.memory.DefaultMemoryManager] 853008793 memory requested, 447188992 free
2024-07-30T21:42:45.020+1000 [DEBUG] [org.gradle.workers.internal.WorkerDaemonExpiration] Will attempt to release 813 of memory
2024-07-30T21:42:45.020+1000 [DEBUG] [org.gradle.process.internal.health.memory.DefaultMemoryManager] 853008793 memory requested, 0 released, 447188992 free
2024-07-30T21:42:50.020+1000 [DEBUG] [org.gradle.process.internal.health.memory.DefaultMemoryManager] 853008793 memory requested, 432701440 free
2024-07-30T21:42:50.022+1000 [DEBUG] [org.gradle.workers.internal.WorkerDaemonExpiration] Will attempt to release 813 of memory
2024-07-30T21:42:50.023+1000 [DEBUG] [org.gradle.process.internal.health.memory.DefaultMemoryManager] 853008793 memory requested, 0 released, 432701440 free
2024-07-30T21:42:53.436+1000 [DEBUG] [org.gradle.cache.internal.DefaultFileLockManager] Waiting to acquire shared lock on daemon addresses registry.
2024-07-30T21:42:53.436+1000 [DEBUG] [org.gradle.cache.internal.DefaultFileLockManager] Lock acquired on daemon addresses registry.
2024-07-30T21:42:53.436+1000 [DEBUG] [org.gradle.cache.internal.DefaultFileLockManager] Releasing lock on daemon addresses registry.
2024-07-30T21:42:53.438+1000 [DEBUG] [org.gradle.cache.internal.DefaultFileLockManager] Waiting to acquire shared lock on daemon addresses registry.
2024-07-30T21:42:53.438+1000 [DEBUG] [org.gradle.cache.internal.DefaultFileLockManager] Lock acquired on daemon addresses registry.
2024-07-30T21:42:53.439+1000 [DEBUG] [org.gradle.cache.internal.DefaultFileLockManager] Releasing lock on daemon addresses registry.
2024-07-30T21:42:53.441+1000 [DEBUG] [org.gradle.cache.internal.DefaultFileLockManager] Waiting to acquire shared lock on daemon addresses registry.
2024-07-30T21:42:53.442+1000 [DEBUG] [org.gradle.cache.internal.DefaultFileLockManager] Lock acquired on daemon addresses registry.
2024-07-30T21:42:53.443+1000 [DEBUG] [org.gradle.cache.internal.DefaultFileLockManager] Releasing lock on daemon addresses registry.
2024-07-30T21:42:55.023+1000 [DEBUG] [org.gradle.process.internal.health.memory.DefaultMemoryManager] 853008793 memory requested, 449630208 free
2024-07-30T21:42:55.024+1000 [DEBUG] [org.gradle.workers.internal.WorkerDaemonExpiration] Will attempt to release 813 of memory
2024-07-30T21:42:55.024+1000 [DEBUG] [org.gradle.process.internal.health.memory.DefaultMemoryManager] 853008793 memory requested, 0 released, 449630208 free
2024-07-30T21:43:00.027+1000 [DEBUG] [org.gradle.process.internal.health.memory.DefaultMemoryManager] 853008793 memory requested, 517480448 free
2024-07-30T21:43:00.027+1000 [DEBUG] [org.gradle.workers.internal.WorkerDaemonExpiration] Will attempt to release 813 of memory
2024-07-30T21:43:00.027+1000 [DEBUG] [org.gradle.process.internal.health.memory.DefaultMemoryManager] 853008793 memory requested, 0 released, 517480448 free
2024-07-30T21:43:03.431+1000 [DEBUG] [org.gradle.cache.internal.DefaultFileLockManager] Waiting to acquire shared lock on daemon addresses registry.
2024-07-30T21:43:03.432+1000 [DEBUG] [org.gradle.cache.internal.DefaultFileLockManager] Lock acquired on daemon addresses registry.
2024-07-30T21:43:03.433+1000 [DEBUG] [org.gradle.cache.internal.DefaultFileLockManager] Releasing lock on daemon addresses registry.
2024-07-30T21:43:03.435+1000 [DEBUG] [org.gradle.cache.internal.DefaultFileLockManager] Waiting to acquire shared lock on daemon addresses registry.
2024-07-30T21:43:03.436+1000 [DEBUG] [org.gradle.cache.internal.DefaultFileLockManager] Lock acquired on daemon addresses registry.
2024-07-30T21:43:03.437+1000 [DEBUG] [org.gradle.cache.internal.DefaultFileLockManager] Releasing lock on daemon addresses registry.
2024-07-30T21:43:03.438+1000 [DEBUG] [org.gradle.cache.internal.DefaultFileLockManager] Waiting to acquire shared lock on daemon addresses registry.
2024-07-30T21:43:03.439+1000 [DEBUG] [org.gradle.cache.internal.DefaultFileLockManager] Lock acquired on daemon addresses registry.
2024-07-30T21:43:03.440+1000 [DEBUG] [org.gradle.cache.internal.DefaultFileLockManager] Releasing lock on daemon addresses registry.
2024-07-30T21:43:05.145+1000 [DEBUG] [org.gradle.process.internal.health.memory.DefaultMemoryManager] 853008793 memory requested, 505999360 free
2024-07-30T21:43:05.146+1000 [DEBUG] [org.gradle.workers.internal.WorkerDaemonExpiration] Will attempt to release 813 of memory
2024-07-30T21:43:05.146+1000 [DEBUG] [org.gradle.process.internal.health.memory.DefaultMemoryManager] 853008793 memory requested, 0 released, 505999360 free
2024-07-30T21:43:10.086+1000 [DEBUG] [org.gradle.process.internal.health.memory.DefaultMemoryManager] 853008793 memory requested, 564649984 free
2024-07-30T21:43:10.086+1000 [DEBUG] [org.gradle.workers.internal.WorkerDaemonExpiration] Will attempt to release 813 of memory
2024-07-30T21:43:10.090+1000 [DEBUG] [org.gradle.process.internal.health.memory.DefaultMemoryManager] 853008793 memory requested, 0 released, 564649984 free
2024-07-30T21:43:13.431+1000 [DEBUG] [org.gradle.cache.internal.DefaultFileLockManager] Waiting to acquire shared lock on daemon addresses registry.
2024-07-30T21:43:13.431+1000 [DEBUG] [org.gradle.cache.internal.DefaultFileLockManager] Lock acquired on daemon addresses registry.
2024-07-30T21:43:13.431+1000 [DEBUG] [org.gradle.cache.internal.DefaultFileLockManager] Releasing lock on daemon addresses registry.
2024-07-30T21:43:13.432+1000 [DEBUG] [org.gradle.cache.internal.DefaultFileLockManager] Waiting to acquire shared lock on daemon addresses registry.
2024-07-30T21:43:13.433+1000 [DEBUG] [org.gradle.cache.internal.DefaultFileLockManager] Lock acquired on daemon addresses registry.
2024-07-30T21:43:13.433+1000 [DEBUG] [org.gradle.cache.internal.DefaultFileLockManager] Releasing lock on daemon addresses registry.
2024-07-30T21:43:13.434+1000 [DEBUG] [org.gradle.cache.internal.DefaultFileLockManager] Waiting to acquire shared lock on daemon addresses registry.
2024-07-30T21:43:13.434+1000 [DEBUG] [org.gradle.cache.internal.DefaultFileLockManager] Lock acquired on daemon addresses registry.
2024-07-30T21:43:13.434+1000 [DEBUG] [org.gradle.cache.internal.DefaultFileLockManager] Releasing lock on daemon addresses registry.
2024-07-30T21:43:23.424+1000 [DEBUG] [org.gradle.cache.internal.DefaultFileLockManager] Waiting to acquire shared lock on daemon addresses registry.
2024-07-30T21:43:23.425+1000 [DEBUG] [org.gradle.cache.internal.DefaultFileLockManager] Lock acquired on daemon addresses registry.
2024-07-30T21:43:23.425+1000 [DEBUG] [org.gradle.cache.internal.DefaultFileLockManager] Releasing lock on daemon addresses registry.
2024-07-30T21:43:23.427+1000 [DEBUG] [org.gradle.cache.internal.DefaultFileLockManager] Waiting to acquire shared lock on daemon addresses registry.
2024-07-30T21:43:23.428+1000 [DEBUG] [org.gradle.cache.internal.DefaultFileLockManager] Lock acquired on daemon addresses registry.
2024-07-30T21:43:23.428+1000 [DEBUG] [org.gradle.cache.internal.DefaultFileLockManager] Releasing lock on daemon addresses registry.
2024-07-30T21:43:23.430+1000 [DEBUG] [org.gradle.cache.internal.DefaultFileLockManager] Waiting to acquire shared lock on daemon addresses registry.
2024-07-30T21:43:23.430+1000 [DEBUG] [org.gradle.cache.internal.DefaultFileLockManager] Lock acquired on daemon addresses registry.
2024-07-30T21:43:23.431+1000 [DEBUG] [org.gradle.cache.internal.DefaultFileLockManager] Releasing lock on daemon addresses registry.
2024-07-30T21:43:33.421+1000 [DEBUG] [org.gradle.cache.internal.DefaultFileLockManager] Waiting to acquire shared lock on daemon addresses registry.
2024-07-30T21:43:33.422+1000 [DEBUG] [org.gradle.cache.internal.DefaultFileLockManager] Lock acquired on daemon addresses registry.
2024-07-30T21:43:33.422+1000 [DEBUG] [org.gradle.cache.internal.DefaultFileLockManager] Releasing lock on daemon addresses registry.
2024-07-30T21:43:33.424+1000 [DEBUG] [org.gradle.cache.internal.DefaultFileLockManager] Waiting to acquire shared lock on daemon addresses registry.
2024-07-30T21:43:33.425+1000 [DEBUG] [org.gradle.cache.internal.DefaultFileLockManager] Lock acquired on daemon addresses registry.
2024-07-30T21:43:33.425+1000 [DEBUG] [org.gradle.cache.internal.DefaultFileLockManager] Releasing lock on daemon addresses registry.
2024-07-30T21:43:33.426+1000 [DEBUG] [org.gradle.cache.internal.DefaultFileLockManager] Waiting to acquire shared lock on daemon addresses registry.
2024-07-30T21:43:33.427+1000 [DEBUG] [org.gradle.cache.internal.DefaultFileLockManager] Lock acquired on daemon addresses registry.
2024-07-30T21:43:33.428+1000 [DEBUG] [org.gradle.cache.internal.DefaultFileLockManager] Releasing lock on daemon addresses registry.
2024-07-30T21:43:43.421+1000 [DEBUG] [org.gradle.cache.internal.DefaultFileLockManager] Waiting to acquire shared lock on daemon addresses registry.
2024-07-30T21:43:43.421+1000 [DEBUG] [org.gradle.cache.internal.DefaultFileLockManager] Lock acquired on daemon addresses registry.
2024-07-30T21:43:43.421+1000 [DEBUG] [org.gradle.cache.internal.DefaultFileLockManager] Releasing lock on daemon addresses registry.
2024-07-30T21:43:43.422+1000 [DEBUG] [org.gradle.cache.internal.DefaultFileLockManager] Waiting to acquire shared lock on daemon addresses registry.
2024-07-30T21:43:43.423+1000 [DEBUG] [org.gradle.cache.internal.DefaultFileLockManager] Lock acquired on daemon addresses registry.
2024-07-30T21:43:43.423+1000 [DEBUG] [org.gradle.cache.internal.DefaultFileLockManager] Releasing lock on daemon addresses registry.
2024-07-30T21:43:43.424+1000 [DEBUG] [org.gradle.cache.internal.DefaultFileLockManager] Waiting to acquire shared lock on daemon addresses registry.
2024-07-30T21:43:43.424+1000 [DEBUG] [org.gradle.cache.internal.DefaultFileLockManager] Lock acquired on daemon addresses registry.
2024-07-30T21:43:43.424+1000 [DEBUG] [org.gradle.cache.internal.DefaultFileLockManager] Releasing lock on daemon addresses registry.
2024-07-30T21:43:53.420+1000 [DEBUG] [org.gradle.cache.internal.DefaultFileLockManager] Waiting to acquire shared lock on daemon addresses registry.
2024-07-30T21:43:53.421+1000 [DEBUG] [org.gradle.cache.internal.DefaultFileLockManager] Lock acquired on daemon addresses registry.
2024-07-30T21:43:53.422+1000 [DEBUG] [org.gradle.cache.internal.DefaultFileLockManager] Releasing lock on daemon addresses registry.
2024-07-30T21:43:53.424+1000 [DEBUG] [org.gradle.cache.internal.DefaultFileLockManager] Waiting to acquire shared lock on daemon addresses registry.
2024-07-30T21:43:53.424+1000 [DEBUG] [org.gradle.cache.internal.DefaultFileLockManager] Lock acquired on daemon addresses registry.
2024-07-30T21:43:53.425+1000 [DEBUG] [org.gradle.cache.internal.DefaultFileLockManager] Releasing lock on daemon addresses registry.
2024-07-30T21:43:53.426+1000 [DEBUG] [org.gradle.cache.internal.DefaultFileLockManager] Waiting to acquire shared lock on daemon addresses registry.
2024-07-30T21:43:53.426+1000 [DEBUG] [org.gradle.cache.internal.DefaultFileLockManager] Lock acquired on daemon addresses registry.
2024-07-30T21:43:53.427+1000 [DEBUG] [org.gradle.cache.internal.DefaultFileLockManager] Releasing lock on daemon addresses registry.
2024-07-30T21:44:03.421+1000 [DEBUG] [org.gradle.cache.internal.DefaultFileLockManager] Waiting to acquire shared lock on daemon addresses registry.
2024-07-30T21:44:03.422+1000 [DEBUG] [org.gradle.cache.internal.DefaultFileLockManager] Lock acquired on daemon addresses registry.
2024-07-30T21:44:03.423+1000 [DEBUG] [org.gradle.cache.internal.DefaultFileLockManager] Releasing lock on daemon addresses registry.
2024-07-30T21:44:03.424+1000 [DEBUG] [org.gradle.cache.internal.DefaultFileLockManager] Waiting to acquire shared lock on daemon addresses registry.
2024-07-30T21:44:03.425+1000 [DEBUG] [org.gradle.cache.internal.DefaultFileLockManager] Lock acquired on daemon addresses registry.
2024-07-30T21:44:03.425+1000 [DEBUG] [org.gradle.cache.internal.DefaultFileLockManager] Releasing lock on daemon addresses registry.
2024-07-30T21:44:03.427+1000 [DEBUG] [org.gradle.cache.internal.DefaultFileLockManager] Waiting to acquire shared lock on daemon addresses registry.
2024-07-30T21:44:03.427+1000 [DEBUG] [org.gradle.cache.internal.DefaultFileLockManager] Lock acquired on daemon addresses registry.
2024-07-30T21:44:03.428+1000 [DEBUG] [org.gradle.cache.internal.DefaultFileLockManager] Releasing lock on daemon addresses registry.
2024-07-30T21:44:13.429+1000 [DEBUG] [org.gradle.cache.internal.DefaultFileLockManager] Waiting to acquire shared lock on daemon addresses registry.
2024-07-30T21:44:13.429+1000 [DEBUG] [org.gradle.cache.internal.DefaultFileLockManager] Lock acquired on daemon addresses registry.
2024-07-30T21:44:13.430+1000 [DEBUG] [org.gradle.cache.internal.DefaultFileLockManager] Releasing lock on daemon addresses registry.
2024-07-30T21:44:13.431+1000 [DEBUG] [org.gradle.cache.internal.DefaultFileLockManager] Waiting to acquire shared lock on daemon addresses registry.
2024-07-30T21:44:13.432+1000 [DEBUG] [org.gradle.cache.internal.DefaultFileLockManager] Lock acquired on daemon addresses registry.
2024-07-30T21:44:13.432+1000 [DEBUG] [org.gradle.cache.internal.DefaultFileLockManager] Releasing lock on daemon addresses registry.
2024-07-30T21:44:13.433+1000 [DEBUG] [org.gradle.cache.internal.DefaultFileLockManager] Waiting to acquire shared lock on daemon addresses registry.
2024-07-30T21:44:13.433+1000 [DEBUG] [org.gradle.cache.internal.DefaultFileLockManager] Lock acquired on daemon addresses registry.
2024-07-30T21:44:13.434+1000 [DEBUG] [org.gradle.cache.internal.DefaultFileLockManager] Releasing lock on daemon addresses registry.
2024-07-30T21:44:23.426+1000 [DEBUG] [org.gradle.cache.internal.DefaultFileLockManager] Waiting to acquire shared lock on daemon addresses registry.
2024-07-30T21:44:23.427+1000 [DEBUG] [org.gradle.cache.internal.DefaultFileLockManager] Lock acquired on daemon addresses registry.
2024-07-30T21:44:23.427+1000 [DEBUG] [org.gradle.cache.internal.DefaultFileLockManager] Releasing lock on daemon addresses registry.
2024-07-30T21:44:23.429+1000 [DEBUG] [org.gradle.cache.internal.DefaultFileLockManager] Waiting to acquire shared lock on daemon addresses registry.
2024-07-30T21:44:23.429+1000 [DEBUG] [org.gradle.cache.internal.DefaultFileLockManager] Lock acquired on daemon addresses registry.
2024-07-30T21:44:23.430+1000 [DEBUG] [org.gradle.cache.internal.DefaultFileLockManager] Releasing lock on daemon addresses registry.
2024-07-30T21:44:23.431+1000 [DEBUG] [org.gradle.cache.internal.DefaultFileLockManager] Waiting to acquire shared lock on daemon addresses registry.
2024-07-30T21:44:23.432+1000 [DEBUG] [org.gradle.cache.internal.DefaultFileLockManager] Lock acquired on daemon addresses registry.
2024-07-30T21:44:23.433+1000 [DEBUG] [org.gradle.cache.internal.DefaultFileLockManager] Releasing lock on daemon addresses registry.
2024-07-30T21:44:33.472+1000 [DEBUG] [org.gradle.cache.internal.DefaultFileLockManager] Waiting to acquire shared lock on daemon addresses registry.
2024-07-30T21:44:33.473+1000 [DEBUG] [org.gradle.cache.internal.DefaultFileLockManager] Lock acquired on daemon addresses registry.
2024-07-30T21:44:33.474+1000 [DEBUG] [org.gradle.cache.internal.DefaultFileLockManager] Releasing lock on daemon addresses registry.
2024-07-30T21:44:33.475+1000 [DEBUG] [org.gradle.cache.internal.DefaultFileLockManager] Waiting to acquire shared lock on daemon addresses registry.
2024-07-30T21:44:33.475+1000 [DEBUG] [org.gradle.cache.internal.DefaultFileLockManager] Lock acquired on daemon addresses registry.
2024-07-30T21:44:33.475+1000 [DEBUG] [org.gradle.cache.internal.DefaultFileLockManager] Releasing lock on daemon addresses registry.
2024-07-30T21:44:33.476+1000 [DEBUG] [org.gradle.cache.internal.DefaultFileLockManager] Waiting to acquire shared lock on daemon addresses registry.
2024-07-30T21:44:33.476+1000 [DEBUG] [org.gradle.cache.internal.DefaultFileLockManager] Lock acquired on daemon addresses registry.
2024-07-30T21:44:33.477+1000 [DEBUG] [org.gradle.cache.internal.DefaultFileLockManager] Releasing lock on daemon addresses registry.
2024-07-30T21:44:43.420+1000 [DEBUG] [org.gradle.cache.internal.DefaultFileLockManager] Waiting to acquire shared lock on daemon addresses registry.
2024-07-30T21:44:43.421+1000 [DEBUG] [org.gradle.cache.internal.DefaultFileLockManager] Lock acquired on daemon addresses registry.
2024-07-30T21:44:43.424+1000 [DEBUG] [org.gradle.cache.internal.DefaultFileLockManager] Releasing lock on daemon addresses registry.
2024-07-30T21:44:43.428+1000 [DEBUG] [org.gradle.cache.internal.DefaultFileLockManager] Waiting to acquire shared lock on daemon addresses registry.
2024-07-30T21:44:43.429+1000 [DEBUG] [org.gradle.cache.internal.DefaultFileLockManager] Lock acquired on daemon addresses registry.
2024-07-30T21:44:43.430+1000 [DEBUG] [org.gradle.cache.internal.DefaultFileLockManager] Releasing lock on daemon addresses registry.
2024-07-30T21:44:43.431+1000 [DEBUG] [org.gradle.cache.internal.DefaultFileLockManager] Waiting to acquire shared lock on daemon addresses registry.
2024-07-30T21:44:43.431+1000 [DEBUG] [org.gradle.cache.internal.DefaultFileLockManager] Lock acquired on daemon addresses registry.
2024-07-30T21:44:43.432+1000 [DEBUG] [org.gradle.cache.internal.DefaultFileLockManager] Releasing lock on daemon addresses registry.
2024-07-30T21:44:53.426+1000 [DEBUG] [org.gradle.cache.internal.DefaultFileLockManager] Waiting to acquire shared lock on daemon addresses registry.
2024-07-30T21:44:53.426+1000 [DEBUG] [org.gradle.cache.internal.DefaultFileLockManager] Lock acquired on daemon addresses registry.
2024-07-30T21:44:53.427+1000 [DEBUG] [org.gradle.cache.internal.DefaultFileLockManager] Releasing lock on daemon addresses registry.
2024-07-30T21:44:53.428+1000 [DEBUG] [org.gradle.cache.internal.DefaultFileLockManager] Waiting to acquire shared lock on daemon addresses registry.
2024-07-30T21:44:53.429+1000 [DEBUG] [org.gradle.cache.internal.DefaultFileLockManager] Lock acquired on daemon addresses registry.
2024-07-30T21:44:53.429+1000 [DEBUG] [org.gradle.cache.internal.DefaultFileLockManager] Releasing lock on daemon addresses registry.
2024-07-30T21:44:53.430+1000 [DEBUG] [org.gradle.cache.internal.DefaultFileLockManager] Waiting to acquire shared lock on daemon addresses registry.
2024-07-30T21:44:53.430+1000 [DEBUG] [org.gradle.cache.internal.DefaultFileLockManager] Lock acquired on daemon addresses registry.
2024-07-30T21:44:53.431+1000 [DEBUG] [org.gradle.cache.internal.DefaultFileLockManager] Releasing lock on daemon addresses registry.
2024-07-30T21:45:03.430+1000 [DEBUG] [org.gradle.cache.internal.DefaultFileLockManager] Waiting to acquire shared lock on daemon addresses registry.
2024-07-30T21:45:03.434+1000 [DEBUG] [org.gradle.cache.internal.DefaultFileLockManager] Lock acquired on daemon addresses registry.
2024-07-30T21:45:03.435+1000 [DEBUG] [org.gradle.cache.internal.DefaultFileLockManager] Releasing lock on daemon addresses registry.
2024-07-30T21:45:03.437+1000 [DEBUG] [org.gradle.cache.internal.DefaultFileLockManager] Waiting to acquire shared lock on daemon addresses registry.
2024-07-30T21:45:03.437+1000 [DEBUG] [org.gradle.cache.internal.DefaultFileLockManager] Lock acquired on daemon addresses registry.
2024-07-30T21:45:03.439+1000 [DEBUG] [org.gradle.cache.internal.DefaultFileLockManager] Releasing lock on daemon addresses registry.
2024-07-30T21:45:03.440+1000 [DEBUG] [org.gradle.cache.internal.DefaultFileLockManager] Waiting to acquire shared lock on daemon addresses registry.
2024-07-30T21:45:03.440+1000 [DEBUG] [org.gradle.cache.internal.DefaultFileLockManager] Lock acquired on daemon addresses registry.
2024-07-30T21:45:03.441+1000 [DEBUG] [org.gradle.cache.internal.DefaultFileLockManager] Releasing lock on daemon addresses registry.
2024-07-30T21:45:13.425+1000 [DEBUG] [org.gradle.cache.internal.DefaultFileLockManager] Waiting to acquire shared lock on daemon addresses registry.
2024-07-30T21:45:13.426+1000 [DEBUG] [org.gradle.cache.internal.DefaultFileLockManager] Lock acquired on daemon addresses registry.
2024-07-30T21:45:13.427+1000 [DEBUG] [org.gradle.cache.internal.DefaultFileLockManager] Releasing lock on daemon addresses registry.
2024-07-30T21:45:13.428+1000 [DEBUG] [org.gradle.cache.internal.DefaultFileLockManager] Waiting to acquire shared lock on daemon addresses registry.
2024-07-30T21:45:13.429+1000 [DEBUG] [org.gradle.cache.internal.DefaultFileLockManager] Lock acquired on daemon addresses registry.
2024-07-30T21:45:13.429+1000 [DEBUG] [org.gradle.cache.internal.DefaultFileLockManager] Releasing lock on daemon addresses registry.
2024-07-30T21:45:13.430+1000 [DEBUG] [org.gradle.cache.internal.DefaultFileLockManager] Waiting to acquire shared lock on daemon addresses registry.
2024-07-30T21:45:13.430+1000 [DEBUG] [org.gradle.cache.internal.DefaultFileLockManager] Lock acquired on daemon addresses registry.
2024-07-30T21:45:13.431+1000 [DEBUG] [org.gradle.cache.internal.DefaultFileLockManager] Releasing lock on daemon addresses registry.
2024-07-30T21:45:23.419+1000 [DEBUG] [org.gradle.cache.internal.DefaultFileLockManager] Waiting to acquire shared lock on daemon addresses registry.
2024-07-30T21:45:23.419+1000 [DEBUG] [org.gradle.cache.internal.DefaultFileLockManager] Lock acquired on daemon addresses registry.
2024-07-30T21:45:23.422+1000 [DEBUG] [org.gradle.cache.internal.DefaultFileLockManager] Releasing lock on daemon addresses registry.
2024-07-30T21:45:23.424+1000 [DEBUG] [org.gradle.cache.internal.DefaultFileLockManager] Waiting to acquire shared lock on daemon addresses registry.
2024-07-30T21:45:23.426+1000 [DEBUG] [org.gradle.cache.internal.DefaultFileLockManager] Lock acquired on daemon addresses registry.
2024-07-30T21:45:23.427+1000 [DEBUG] [org.gradle.cache.internal.DefaultFileLockManager] Releasing lock on daemon addresses registry.
2024-07-30T21:45:23.428+1000 [DEBUG] [org.gradle.cache.internal.DefaultFileLockManager] Waiting to acquire shared lock on daemon addresses registry.
2024-07-30T21:45:23.429+1000 [DEBUG] [org.gradle.cache.internal.DefaultFileLockManager] Lock acquired on daemon addresses registry.
2024-07-30T21:45:23.429+1000 [DEBUG] [org.gradle.cache.internal.DefaultFileLockManager] Releasing lock on daemon addresses registry.
2024-07-30T21:45:33.428+1000 [DEBUG] [org.gradle.cache.internal.DefaultFileLockManager] Waiting to acquire shared lock on daemon addresses registry.
2024-07-30T21:45:33.430+1000 [DEBUG] [org.gradle.cache.internal.DefaultFileLockManager] Lock acquired on daemon addresses registry.
2024-07-30T21:45:33.431+1000 [DEBUG] [org.gradle.cache.internal.DefaultFileLockManager] Releasing lock on daemon addresses registry.
2024-07-30T21:45:33.432+1000 [DEBUG] [org.gradle.cache.internal.DefaultFileLockManager] Waiting to acquire shared lock on daemon addresses registry.
2024-07-30T21:45:33.436+1000 [DEBUG] [org.gradle.cache.internal.DefaultFileLockManager] Lock acquired on daemon addresses registry.
2024-07-30T21:45:33.438+1000 [DEBUG] [org.gradle.cache.internal.DefaultFileLockManager] Releasing lock on daemon addresses registry.
2024-07-30T21:45:33.443+1000 [DEBUG] [org.gradle.cache.internal.DefaultFileLockManager] Waiting to acquire shared lock on daemon addresses registry.
2024-07-30T21:45:33.445+1000 [DEBUG] [org.gradle.cache.internal.DefaultFileLockManager] Lock acquired on daemon addresses registry.
2024-07-30T21:45:33.446+1000 [DEBUG] [org.gradle.cache.internal.DefaultFileLockManager] Releasing lock on daemon addresses registry.
2024-07-30T21:45:43.428+1000 [DEBUG] [org.gradle.cache.internal.DefaultFileLockManager] Waiting to acquire shared lock on daemon addresses registry.
2024-07-30T21:45:43.428+1000 [DEBUG] [org.gradle.cache.internal.DefaultFileLockManager] Lock acquired on daemon addresses registry.
2024-07-30T21:45:43.429+1000 [DEBUG] [org.gradle.cache.internal.DefaultFileLockManager] Releasing lock on daemon addresses registry.
2024-07-30T21:45:43.430+1000 [DEBUG] [org.gradle.cache.internal.DefaultFileLockManager] Waiting to acquire shared lock on daemon addresses registry.
2024-07-30T21:45:43.430+1000 [DEBUG] [org.gradle.cache.internal.DefaultFileLockManager] Lock acquired on daemon addresses registry.
2024-07-30T21:45:43.431+1000 [DEBUG] [org.gradle.cache.internal.DefaultFileLockManager] Releasing lock on daemon addresses registry.
2024-07-30T21:45:43.431+1000 [DEBUG] [org.gradle.cache.internal.DefaultFileLockManager] Waiting to acquire shared lock on daemon addresses registry.
2024-07-30T21:45:43.436+1000 [DEBUG] [org.gradle.cache.internal.DefaultFileLockManager] Lock acquired on daemon addresses registry.
2024-07-30T21:45:43.437+1000 [DEBUG] [org.gradle.cache.internal.DefaultFileLockManager] Releasing lock on daemon addresses registry.
2024-07-30T21:45:50.025+1000 [DEBUG] [org.gradle.process.internal.health.memory.DefaultMemoryManager] 853008793 memory requested, 789331968 free
2024-07-30T21:45:50.025+1000 [DEBUG] [org.gradle.workers.internal.WorkerDaemonExpiration] Will attempt to release 813 of memory
2024-07-30T21:45:50.025+1000 [DEBUG] [org.gradle.process.internal.health.memory.DefaultMemoryManager] 853008793 memory requested, 0 released, 789331968 free
2024-07-30T21:45:53.420+1000 [DEBUG] [org.gradle.cache.internal.DefaultFileLockManager] Waiting to acquire shared lock on daemon addresses registry.
2024-07-30T21:45:53.422+1000 [DEBUG] [org.gradle.cache.internal.DefaultFileLockManager] Lock acquired on daemon addresses registry.
2024-07-30T21:45:53.423+1000 [DEBUG] [org.gradle.cache.internal.DefaultFileLockManager] Releasing lock on daemon addresses registry.
2024-07-30T21:45:53.425+1000 [DEBUG] [org.gradle.cache.internal.DefaultFileLockManager] Waiting to acquire shared lock on daemon addresses registry.
2024-07-30T21:45:53.425+1000 [DEBUG] [org.gradle.cache.internal.DefaultFileLockManager] Lock acquired on daemon addresses registry.
2024-07-30T21:45:53.425+1000 [DEBUG] [org.gradle.cache.internal.DefaultFileLockManager] Releasing lock on daemon addresses registry.
2024-07-30T21:45:53.426+1000 [DEBUG] [org.gradle.cache.internal.DefaultFileLockManager] Waiting to acquire shared lock on daemon addresses registry.
2024-07-30T21:45:53.426+1000 [DEBUG] [org.gradle.cache.internal.DefaultFileLockManager] Lock acquired on daemon addresses registry.
2024-07-30T21:45:53.427+1000 [DEBUG] [org.gradle.cache.internal.DefaultFileLockManager] Releasing lock on daemon addresses registry.
2024-07-30T21:45:55.023+1000 [DEBUG] [org.gradle.process.internal.health.memory.DefaultMemoryManager] 853008793 memory requested, 696848384 free
2024-07-30T21:45:55.024+1000 [DEBUG] [org.gradle.workers.internal.WorkerDaemonExpiration] Will attempt to release 813 of memory
2024-07-30T21:45:55.024+1000 [DEBUG] [org.gradle.process.internal.health.memory.DefaultMemoryManager] 853008793 memory requested, 0 released, 696848384 free
2024-07-30T21:46:00.028+1000 [DEBUG] [org.gradle.process.internal.health.memory.DefaultMemoryManager] 853008793 memory requested, 633004032 free
2024-07-30T21:46:00.028+1000 [DEBUG] [org.gradle.workers.internal.WorkerDaemonExpiration] Will attempt to release 813 of memory
2024-07-30T21:46:00.028+1000 [DEBUG] [org.gradle.process.internal.health.memory.DefaultMemoryManager] 853008793 memory requested, 0 released, 633004032 free
2024-07-30T21:46:03.426+1000 [DEBUG] [org.gradle.cache.internal.DefaultFileLockManager] Waiting to acquire shared lock on daemon addresses registry.
2024-07-30T21:46:03.426+1000 [DEBUG] [org.gradle.cache.internal.DefaultFileLockManager] Lock acquired on daemon addresses registry.
2024-07-30T21:46:03.426+1000 [DEBUG] [org.gradle.cache.internal.DefaultFileLockManager] Releasing lock on daemon addresses registry.
2024-07-30T21:46:03.427+1000 [DEBUG] [org.gradle.cache.internal.DefaultFileLockManager] Waiting to acquire shared lock on daemon addresses registry.
2024-07-30T21:46:03.427+1000 [DEBUG] [org.gradle.cache.internal.DefaultFileLockManager] Lock acquired on daemon addresses registry.
2024-07-30T21:46:03.428+1000 [DEBUG] [org.gradle.cache.internal.DefaultFileLockManager] Releasing lock on daemon addresses registry.
2024-07-30T21:46:03.429+1000 [DEBUG] [org.gradle.cache.internal.DefaultFileLockManager] Waiting to acquire shared lock on daemon addresses registry.
2024-07-30T21:46:03.429+1000 [DEBUG] [org.gradle.cache.internal.DefaultFileLockManager] Lock acquired on daemon addresses registry.
2024-07-30T21:46:03.429+1000 [DEBUG] [org.gradle.cache.internal.DefaultFileLockManager] Releasing lock on daemon addresses registry.
2024-07-30T21:46:05.025+1000 [DEBUG] [org.gradle.process.internal.health.memory.DefaultMemoryManager] 853008793 memory requested, 589692928 free
2024-07-30T21:46:05.025+1000 [DEBUG] [org.gradle.workers.internal.WorkerDaemonExpiration] Will attempt to release 813 of memory
2024-07-30T21:46:05.026+1000 [DEBUG] [org.gradle.process.internal.health.memory.DefaultMemoryManager] 853008793 memory requested, 0 released, 589692928 free
2024-07-30T21:46:10.021+1000 [DEBUG] [org.gradle.process.internal.health.memory.DefaultMemoryManager] 853008793 memory requested, 511909888 free
2024-07-30T21:46:10.021+1000 [DEBUG] [org.gradle.workers.internal.WorkerDaemonExpiration] Will attempt to release 813 of memory
2024-07-30T21:46:10.022+1000 [DEBUG] [org.gradle.process.internal.health.memory.DefaultMemoryManager] 853008793 memory requested, 0 released, 511909888 free
2024-07-30T21:46:13.421+1000 [DEBUG] [org.gradle.cache.internal.DefaultFileLockManager] Waiting to acquire shared lock on daemon addresses registry.
2024-07-30T21:46:13.422+1000 [DEBUG] [org.gradle.cache.internal.DefaultFileLockManager] Lock acquired on daemon addresses registry.
2024-07-30T21:46:13.422+1000 [DEBUG] [org.gradle.cache.internal.DefaultFileLockManager] Releasing lock on daemon addresses registry.
2024-07-30T21:46:13.423+1000 [DEBUG] [org.gradle.cache.internal.DefaultFileLockManager] Waiting to acquire shared lock on daemon addresses registry.
2024-07-30T21:46:13.424+1000 [DEBUG] [org.gradle.cache.internal.DefaultFileLockManager] Lock acquired on daemon addresses registry.
2024-07-30T21:46:13.424+1000 [DEBUG] [org.gradle.cache.internal.DefaultFileLockManager] Releasing lock on daemon addresses registry.
2024-07-30T21:46:13.424+1000 [DEBUG] [org.gradle.cache.internal.DefaultFileLockManager] Waiting to acquire shared lock on daemon addresses registry.
2024-07-30T21:46:13.425+1000 [DEBUG] [org.gradle.cache.internal.DefaultFileLockManager] Lock acquired on daemon addresses registry.
2024-07-30T21:46:13.425+1000 [DEBUG] [org.gradle.cache.internal.DefaultFileLockManager] Releasing lock on daemon addresses registry.
2024-07-30T21:46:15.026+1000 [DEBUG] [org.gradle.process.internal.health.memory.DefaultMemoryManager] 853008793 memory requested, 441778176 free
2024-07-30T21:46:15.026+1000 [DEBUG] [org.gradle.workers.internal.WorkerDaemonExpiration] Will attempt to release 813 of memory
2024-07-30T21:46:15.026+1000 [DEBUG] [org.gradle.process.internal.health.memory.DefaultMemoryManager] 853008793 memory requested, 0 released, 441778176 free
2024-07-30T21:46:20.019+1000 [DEBUG] [org.gradle.process.internal.health.memory.DefaultMemoryManager] 853008793 memory requested, 406810624 free
2024-07-30T21:46:20.019+1000 [DEBUG] [org.gradle.workers.internal.WorkerDaemonExpiration] Will attempt to release 813 of memory
2024-07-30T21:46:20.019+1000 [DEBUG] [org.gradle.process.internal.health.memory.DefaultMemoryManager] 853008793 memory requested, 0 released, 406810624 free
2024-07-30T21:46:23.418+1000 [DEBUG] [org.gradle.cache.internal.DefaultFileLockManager] Waiting to acquire shared lock on daemon addresses registry.
2024-07-30T21:46:23.423+1000 [DEBUG] [org.gradle.cache.internal.DefaultFileLockManager] Lock acquired on daemon addresses registry.
2024-07-30T21:46:23.445+1000 [DEBUG] [org.gradle.cache.internal.DefaultFileLockManager] Releasing lock on daemon addresses registry.
2024-07-30T21:46:23.446+1000 [DEBUG] [org.gradle.cache.internal.DefaultFileLockManager] Waiting to acquire shared lock on daemon addresses registry.
2024-07-30T21:46:23.446+1000 [DEBUG] [org.gradle.cache.internal.DefaultFileLockManager] Lock acquired on daemon addresses registry.
2024-07-30T21:46:23.447+1000 [DEBUG] [org.gradle.cache.internal.DefaultFileLockManager] Releasing lock on daemon addresses registry.
2024-07-30T21:46:23.448+1000 [DEBUG] [org.gradle.cache.internal.DefaultFileLockManager] Waiting to acquire shared lock on daemon addresses registry.
2024-07-30T21:46:23.448+1000 [DEBUG] [org.gradle.cache.internal.DefaultFileLockManager] Lock acquired on daemon addresses registry.
2024-07-30T21:46:23.448+1000 [DEBUG] [org.gradle.cache.internal.DefaultFileLockManager] Releasing lock on daemon addresses registry.
2024-07-30T21:46:25.029+1000 [DEBUG] [org.gradle.process.internal.health.memory.DefaultMemoryManager] 853008793 memory requested, 408092672 free
2024-07-30T21:46:25.029+1000 [DEBUG] [org.gradle.workers.internal.WorkerDaemonExpiration] Will attempt to release 813 of memory
2024-07-30T21:46:25.029+1000 [DEBUG] [org.gradle.process.internal.health.memory.DefaultMemoryManager] 853008793 memory requested, 0 released, 408092672 free
2024-07-30T21:46:30.030+1000 [DEBUG] [org.gradle.process.internal.health.memory.DefaultMemoryManager] 853008793 memory requested, 407105536 free
2024-07-30T21:46:30.030+1000 [DEBUG] [org.gradle.workers.internal.WorkerDaemonExpiration] Will attempt to release 813 of memory
2024-07-30T21:46:30.030+1000 [DEBUG] [org.gradle.process.internal.health.memory.DefaultMemoryManager] 853008793 memory requested, 0 released, 407105536 free
2024-07-30T21:46:33.420+1000 [DEBUG] [org.gradle.cache.internal.DefaultFileLockManager] Waiting to acquire shared lock on daemon addresses registry.
2024-07-30T21:46:33.421+1000 [DEBUG] [org.gradle.cache.internal.DefaultFileLockManager] Lock acquired on daemon addresses registry.
2024-07-30T21:46:33.422+1000 [DEBUG] [org.gradle.cache.internal.DefaultFileLockManager] Releasing lock on daemon addresses registry.
2024-07-30T21:46:33.424+1000 [DEBUG] [org.gradle.cache.internal.DefaultFileLockManager] Waiting to acquire shared lock on daemon addresses registry.
2024-07-30T21:46:33.425+1000 [DEBUG] [org.gradle.cache.internal.DefaultFileLockManager] Lock acquired on daemon addresses registry.
2024-07-30T21:46:33.425+1000 [DEBUG] [org.gradle.cache.internal.DefaultFileLockManager] Releasing lock on daemon addresses registry.
2024-07-30T21:46:33.426+1000 [DEBUG] [org.gradle.cache.internal.DefaultFileLockManager] Waiting to acquire shared lock on daemon addresses registry.
2024-07-30T21:46:33.426+1000 [DEBUG] [org.gradle.cache.internal.DefaultFileLockManager] Lock acquired on daemon addresses registry.
2024-07-30T21:46:33.427+1000 [DEBUG] [org.gradle.cache.internal.DefaultFileLockManager] Releasing lock on daemon addresses registry.
2024-07-30T21:46:35.024+1000 [DEBUG] [org.gradle.process.internal.health.memory.DefaultMemoryManager] 853008793 memory requested, 385298432 free
2024-07-30T21:46:35.024+1000 [DEBUG] [org.gradle.workers.internal.WorkerDaemonExpiration] Will attempt to release 813 of memory
2024-07-30T21:46:35.024+1000 [DEBUG] [org.gradle.process.internal.health.memory.DefaultMemoryManager] 853008793 memory requested, 0 released, 385298432 free
2024-07-30T21:46:40.031+1000 [DEBUG] [org.gradle.process.internal.health.memory.DefaultMemoryManager] 853008793 memory requested, 411447296 free
2024-07-30T21:46:40.031+1000 [DEBUG] [org.gradle.workers.internal.WorkerDaemonExpiration] Will attempt to release 813 of memory
2024-07-30T21:46:40.031+1000 [DEBUG] [org.gradle.process.internal.health.memory.DefaultMemoryManager] 853008793 memory requested, 0 released, 411447296 free
2024-07-30T21:46:43.421+1000 [DEBUG] [org.gradle.cache.internal.DefaultFileLockManager] Waiting to acquire shared lock on daemon addresses registry.
2024-07-30T21:46:43.422+1000 [DEBUG] [org.gradle.cache.internal.DefaultFileLockManager] Lock acquired on daemon addresses registry.
2024-07-30T21:46:43.423+1000 [DEBUG] [org.gradle.cache.internal.DefaultFileLockManager] Releasing lock on daemon addresses registry.
2024-07-30T21:46:43.424+1000 [DEBUG] [org.gradle.cache.internal.DefaultFileLockManager] Waiting to acquire shared lock on daemon addresses registry.
2024-07-30T21:46:43.424+1000 [DEBUG] [org.gradle.cache.internal.DefaultFileLockManager] Lock acquired on daemon addresses registry.
2024-07-30T21:46:43.424+1000 [DEBUG] [org.gradle.cache.internal.DefaultFileLockManager] Releasing lock on daemon addresses registry.
2024-07-30T21:46:43.425+1000 [DEBUG] [org.gradle.cache.internal.DefaultFileLockManager] Waiting to acquire shared lock on daemon addresses registry.
2024-07-30T21:46:43.425+1000 [DEBUG] [org.gradle.cache.internal.DefaultFileLockManager] Lock acquired on daemon addresses registry.
2024-07-30T21:46:43.426+1000 [DEBUG] [org.gradle.cache.internal.DefaultFileLockManager] Releasing lock on daemon addresses registry.
2024-07-30T21:46:45.017+1000 [DEBUG] [org.gradle.process.internal.health.memory.DefaultMemoryManager] 853008793 memory requested, 400908288 free
2024-07-30T21:46:45.017+1000 [DEBUG] [org.gradle.workers.internal.WorkerDaemonExpiration] Will attempt to release 813 of memory
2024-07-30T21:46:45.017+1000 [DEBUG] [org.gradle.process.internal.health.memory.DefaultMemoryManager] 853008793 memory requested, 0 released, 400908288 free
2024-07-30T21:46:50.026+1000 [DEBUG] [org.gradle.process.internal.health.memory.DefaultMemoryManager] 853008793 memory requested, 370728960 free
2024-07-30T21:46:50.027+1000 [DEBUG] [org.gradle.workers.internal.WorkerDaemonExpiration] Will attempt to release 813 of memory
2024-07-30T21:46:50.029+1000 [DEBUG] [org.gradle.process.internal.health.memory.DefaultMemoryManager] 853008793 memory requested, 0 released, 370728960 free
2024-07-30T21:46:53.425+1000 [DEBUG] [org.gradle.cache.internal.DefaultFileLockManager] Waiting to acquire shared lock on daemon addresses registry.
2024-07-30T21:46:53.425+1000 [DEBUG] [org.gradle.cache.internal.DefaultFileLockManager] Lock acquired on daemon addresses registry.
2024-07-30T21:46:53.427+1000 [DEBUG] [org.gradle.cache.internal.DefaultFileLockManager] Releasing lock on daemon addresses registry.
2024-07-30T21:46:53.428+1000 [DEBUG] [org.gradle.cache.internal.DefaultFileLockManager] Waiting to acquire shared lock on daemon addresses registry.
2024-07-30T21:46:53.428+1000 [DEBUG] [org.gradle.cache.internal.DefaultFileLockManager] Lock acquired on daemon addresses registry.
2024-07-30T21:46:53.429+1000 [DEBUG] [org.gradle.cache.internal.DefaultFileLockManager] Releasing lock on daemon addresses registry.
2024-07-30T21:46:53.429+1000 [DEBUG] [org.gradle.cache.internal.DefaultFileLockManager] Waiting to acquire shared lock on daemon addresses registry.
2024-07-30T21:46:53.430+1000 [DEBUG] [org.gradle.cache.internal.DefaultFileLockManager] Lock acquired on daemon addresses registry.
2024-07-30T21:46:53.430+1000 [DEBUG] [org.gradle.cache.internal.DefaultFileLockManager] Releasing lock on daemon addresses registry.
2024-07-30T21:46:55.026+1000 [DEBUG] [org.gradle.process.internal.health.memory.DefaultMemoryManager] 853008793 memory requested, 397189120 free
2024-07-30T21:46:55.026+1000 [DEBUG] [org.gradle.workers.internal.WorkerDaemonExpiration] Will attempt to release 813 of memory
2024-07-30T21:46:55.026+1000 [DEBUG] [org.gradle.process.internal.health.memory.DefaultMemoryManager] 853008793 memory requested, 0 released, 397189120 free
2024-07-30T21:47:00.016+1000 [DEBUG] [org.gradle.process.internal.health.memory.DefaultMemoryManager] 853008793 memory requested, 399360000 free
2024-07-30T21:47:00.022+1000 [DEBUG] [org.gradle.workers.internal.WorkerDaemonExpiration] Will attempt to release 813 of memory
2024-07-30T21:47:00.023+1000 [DEBUG] [org.gradle.process.internal.health.memory.DefaultMemoryManager] 853008793 memory requested, 0 released, 399360000 free
2024-07-30T21:47:03.424+1000 [DEBUG] [org.gradle.cache.internal.DefaultFileLockManager] Waiting to acquire shared lock on daemon addresses registry.
2024-07-30T21:47:03.425+1000 [DEBUG] [org.gradle.cache.internal.DefaultFileLockManager] Lock acquired on daemon addresses registry.
2024-07-30T21:47:03.427+1000 [DEBUG] [org.gradle.cache.internal.DefaultFileLockManager] Releasing lock on daemon addresses registry.
2024-07-30T21:47:03.428+1000 [DEBUG] [org.gradle.cache.internal.DefaultFileLockManager] Waiting to acquire shared lock on daemon addresses registry.
2024-07-30T21:47:03.429+1000 [DEBUG] [org.gradle.cache.internal.DefaultFileLockManager] Lock acquired on daemon addresses registry.
2024-07-30T21:47:03.429+1000 [DEBUG] [org.gradle.cache.internal.DefaultFileLockManager] Releasing lock on daemon addresses registry.
2024-07-30T21:47:03.430+1000 [DEBUG] [org.gradle.cache.internal.DefaultFileLockManager] Waiting to acquire shared lock on daemon addresses registry.
2024-07-30T21:47:03.431+1000 [DEBUG] [org.gradle.cache.internal.DefaultFileLockManager] Lock acquired on daemon addresses registry.
2024-07-30T21:47:03.431+1000 [DEBUG] [org.gradle.cache.internal.DefaultFileLockManager] Releasing lock on daemon addresses registry.
2024-07-30T21:47:05.026+1000 [DEBUG] [org.gradle.process.internal.health.memory.DefaultMemoryManager] 853008793 memory requested, 387661824 free
2024-07-30T21:47:05.026+1000 [DEBUG] [org.gradle.workers.internal.WorkerDaemonExpiration] Will attempt to release 813 of memory
2024-07-30T21:47:05.026+1000 [DEBUG] [org.gradle.process.internal.health.memory.DefaultMemoryManager] 853008793 memory requested, 0 released, 387661824 free
2024-07-30T21:47:10.021+1000 [DEBUG] [org.gradle.process.internal.health.memory.DefaultMemoryManager] 853008793 memory requested, 376479744 free
2024-07-30T21:47:10.022+1000 [DEBUG] [org.gradle.workers.internal.WorkerDaemonExpiration] Will attempt to release 813 of memory
2024-07-30T21:47:10.022+1000 [DEBUG] [org.gradle.process.internal.health.memory.DefaultMemoryManager] 853008793 memory requested, 0 released, 376479744 free
2024-07-30T21:47:13.423+1000 [DEBUG] [org.gradle.cache.internal.DefaultFileLockManager] Waiting to acquire shared lock on daemon addresses registry.
2024-07-30T21:47:13.424+1000 [DEBUG] [org.gradle.cache.internal.DefaultFileLockManager] Lock acquired on daemon addresses registry.
2024-07-30T21:47:13.425+1000 [DEBUG] [org.gradle.cache.internal.DefaultFileLockManager] Releasing lock on daemon addresses registry.
2024-07-30T21:47:13.426+1000 [DEBUG] [org.gradle.cache.internal.DefaultFileLockManager] Waiting to acquire shared lock on daemon addresses registry.
2024-07-30T21:47:13.426+1000 [DEBUG] [org.gradle.cache.internal.DefaultFileLockManager] Lock acquired on daemon addresses registry.
2024-07-30T21:47:13.427+1000 [DEBUG] [org.gradle.cache.internal.DefaultFileLockManager] Releasing lock on daemon addresses registry.
2024-07-30T21:47:13.428+1000 [DEBUG] [org.gradle.cache.internal.DefaultFileLockManager] Waiting to acquire shared lock on daemon addresses registry.
2024-07-30T21:47:13.428+1000 [DEBUG] [org.gradle.cache.internal.DefaultFileLockManager] Lock acquired on daemon addresses registry.
2024-07-30T21:47:13.428+1000 [DEBUG] [org.gradle.cache.internal.DefaultFileLockManager] Releasing lock on daemon addresses registry.
2024-07-30T21:47:15.032+1000 [DEBUG] [org.gradle.process.internal.health.memory.DefaultMemoryManager] 853008793 memory requested, 419110912 free
2024-07-30T21:47:15.032+1000 [DEBUG] [org.gradle.workers.internal.WorkerDaemonExpiration] Will attempt to release 813 of memory
2024-07-30T21:47:15.033+1000 [DEBUG] [org.gradle.process.internal.health.memory.DefaultMemoryManager] 853008793 memory requested, 0 released, 419110912 free
2024-07-30T21:47:20.035+1000 [DEBUG] [org.gradle.process.internal.health.memory.DefaultMemoryManager] 853008793 memory requested, 434237440 free
2024-07-30T21:47:20.035+1000 [DEBUG] [org.gradle.workers.internal.WorkerDaemonExpiration] Will attempt to release 813 of memory
2024-07-30T21:47:20.035+1000 [DEBUG] [org.gradle.process.internal.health.memory.DefaultMemoryManager] 853008793 memory requested, 0 released, 434237440 free
2024-07-30T21:47:22.178+1000 [DEBUG] [org.gradle.internal.remote.internal.inet.TcpIncomingConnector] Accepted connection from /127.0.0.1:58513 to /127.0.0.1:57892.
2024-07-30T21:47:22.188+1000 [DEBUG] [org.gradle.internal.remote.internal.inet.TcpIncomingConnector] Accepted connection from /127.0.0.1:58514 to /127.0.0.1:57892.
2024-07-30T21:47:22.250+1000 [DEBUG] [org.gradle.launcher.daemon.server.SynchronizedDispatchConnection] thread 111: received class org.gradle.launcher.daemon.protocol.StopWhenIdle
2024-07-30T21:47:22.250+1000 [DEBUG] [org.gradle.launcher.daemon.server.DefaultDaemonConnection] thread 111: Received non-IO message from client: StopWhenIdle[id=998143eb-c9f2-4380-a221-07d54c212b58]
2024-07-30T21:47:22.252+1000 [INFO] [org.gradle.launcher.daemon.server.DefaultIncomingConnectionHandler] Received command: StopWhenIdle[id=998143eb-c9f2-4380-a221-07d54c212b58].
2024-07-30T21:47:22.253+1000 [DEBUG] [org.gradle.launcher.daemon.server.DefaultIncomingConnectionHandler] Starting executing command: StopWhenIdle[id=998143eb-c9f2-4380-a221-07d54c212b58] with connection: socket connection from /127.0.0.1:57892 to /127.0.0.1:58513.
2024-07-30T21:47:22.254+1000 [DEBUG] [org.gradle.launcher.daemon.server.DaemonRegistryUpdater] Storing daemon stop event: stop command received
2024-07-30T21:47:22.255+1000 [DEBUG] [org.gradle.launcher.daemon.registry.PersistentDaemonRegistry] Storing daemon stop event with timestamp 1722340042255
2024-07-30T21:47:22.258+1000 [DEBUG] [org.gradle.cache.internal.DefaultFileLockManager] Waiting to acquire exclusive lock on daemon addresses registry.
2024-07-30T21:47:22.258+1000 [DEBUG] [org.gradle.cache.internal.DefaultFileLockManager] Lock acquired on daemon addresses registry.
2024-07-30T21:47:22.262+1000 [DEBUG] [org.gradle.launcher.daemon.server.SynchronizedDispatchConnection] thread 112: received class org.gradle.launcher.daemon.protocol.StopWhenIdle
2024-07-30T21:47:22.262+1000 [DEBUG] [org.gradle.launcher.daemon.server.DefaultDaemonConnection] thread 112: Received non-IO message from client: StopWhenIdle[id=85b34862-bd89-4d72-a928-c7dc149601e2]
2024-07-30T21:47:22.262+1000 [INFO] [org.gradle.launcher.daemon.server.DefaultIncomingConnectionHandler] Received command: StopWhenIdle[id=85b34862-bd89-4d72-a928-c7dc149601e2].
2024-07-30T21:47:22.262+1000 [DEBUG] [org.gradle.launcher.daemon.server.DefaultIncomingConnectionHandler] Starting executing command: StopWhenIdle[id=85b34862-bd89-4d72-a928-c7dc149601e2] with connection: socket connection from /127.0.0.1:57892 to /127.0.0.1:58514.
2024-07-30T21:47:22.262+1000 [DEBUG] [org.gradle.cache.internal.DefaultFileLockManager] Releasing lock on daemon addresses registry.
2024-07-30T21:47:22.263+1000 [LIFECYCLE] [org.gradle.launcher.daemon.server.DaemonStateCoordinator] Daemon will be stopped at the end of the build stop command received
2024-07-30T21:47:22.264+1000 [DEBUG] [org.gradle.launcher.daemon.server.DaemonStateCoordinator] Marking daemon stopped due to stop command received. The daemon is running a build: false
2024-07-30T21:47:22.264+1000 [DEBUG] [org.gradle.launcher.daemon.server.SynchronizedDispatchConnection] thread 109: dispatching Success[value=null]
2024-07-30T21:47:22.264+1000 [DEBUG] [org.gradle.launcher.daemon.server.DaemonRegistryUpdater] Storing daemon stop event: stop command received
2024-07-30T21:47:22.266+1000 [DEBUG] [org.gradle.launcher.daemon.registry.PersistentDaemonRegistry] Storing daemon stop event with timestamp 1722340042266
2024-07-30T21:47:22.266+1000 [DEBUG] [org.gradle.launcher.daemon.server.DaemonStateCoordinator] daemon has stopped.
2024-07-30T21:47:22.266+1000 [DEBUG] [org.gradle.launcher.daemon.server.Daemon] stop() called on daemon
2024-07-30T21:47:22.267+1000 [INFO] [org.gradle.launcher.daemon.server.Daemon] Stop requested. Daemon is removing its presence from the registry...
2024-07-30T21:47:22.267+1000 [DEBUG] [org.gradle.cache.internal.DefaultFileLockManager] Waiting to acquire exclusive lock on daemon addresses registry.
2024-07-30T21:47:22.268+1000 [DEBUG] [org.gradle.cache.internal.DefaultFileLockManager] Lock acquired on daemon addresses registry.
2024-07-30T21:47:22.270+1000 [DEBUG] [org.gradle.cache.internal.DefaultFileLockManager] Releasing lock on daemon addresses registry.
2024-07-30T21:47:22.270+1000 [DEBUG] [org.gradle.launcher.daemon.server.SynchronizedDispatchConnection] thread 110: dispatching Success[value=null]
2024-07-30T21:47:22.271+1000 [DEBUG] [org.gradle.launcher.daemon.server.DefaultIncomingConnectionHandler] Finishing executing command: StopWhenIdle[id=85b34862-bd89-4d72-a928-c7dc149601e2]
2024-07-30T21:47:22.271+1000 [DEBUG] [org.gradle.launcher.daemon.server.SynchronizedDispatchConnection] thread 112: received class org.gradle.launcher.daemon.protocol.Finished
2024-07-30T21:47:22.271+1000 [DEBUG] [org.gradle.launcher.daemon.server.DefaultDaemonConnection] thread 112: Received non-IO message from client: org.gradle.launcher.daemon.protocol.Finished@4750679f
2024-07-30T21:47:22.271+1000 [DEBUG] [org.gradle.launcher.daemon.server.DefaultIncomingConnectionHandler] Received finished message: org.gradle.launcher.daemon.protocol.Finished@4750679f
2024-07-30T21:47:22.271+1000 [DEBUG] [org.gradle.internal.remote.internal.inet.SocketConnection] Discarding EOFException: java.io.EOFException
2024-07-30T21:47:22.271+1000 [DEBUG] [org.gradle.launcher.daemon.server.SynchronizedDispatchConnection] thread 110: stopping connection
2024-07-30T21:47:22.272+1000 [DEBUG] [org.gradle.launcher.daemon.server.DaemonRegistryUpdater] Removing our presence to clients, eg. removing this address from the registry: [86e774ea-4676-4182-b617-e6ce91c10eeb port:57892, addresses:[localhost/127.0.0.1]]
2024-07-30T21:47:22.272+1000 [DEBUG] [org.gradle.launcher.daemon.server.SynchronizedDispatchConnection] thread 112: received null
2024-07-30T21:47:22.272+1000 [DEBUG] [org.gradle.launcher.daemon.server.DefaultDaemonConnection] thread 112: Received end-of-input from client.
2024-07-30T21:47:22.272+1000 [DEBUG] [org.gradle.launcher.daemon.registry.PersistentDaemonRegistry] Removing daemon address: [86e774ea-4676-4182-b617-e6ce91c10eeb port:57892, addresses:[localhost/127.0.0.1]]
2024-07-30T21:47:22.272+1000 [DEBUG] [org.gradle.launcher.daemon.server.SynchronizedDispatchConnection] thread 110: stopping connection
2024-07-30T21:47:22.274+1000 [DEBUG] [org.gradle.cache.internal.DefaultFileLockManager] Waiting to acquire exclusive lock on daemon addresses registry.
2024-07-30T21:47:22.275+1000 [DEBUG] [org.gradle.cache.internal.DefaultFileLockManager] Lock acquired on daemon addresses registry.
2024-07-30T21:47:22.275+1000 [DEBUG] [org.gradle.launcher.daemon.server.SynchronizedDispatchConnection] thread 111: received class org.gradle.launcher.daemon.protocol.Finished
2024-07-30T21:47:22.275+1000 [DEBUG] [org.gradle.launcher.daemon.server.DefaultDaemonConnection] thread 111: Received non-IO message from client: org.gradle.launcher.daemon.protocol.Finished@61faccc7
2024-07-30T21:47:22.276+1000 [DEBUG] [org.gradle.internal.remote.internal.inet.SocketConnection] Discarding EOFException: java.io.EOFException
2024-07-30T21:47:22.276+1000 [DEBUG] [org.gradle.launcher.daemon.server.SynchronizedDispatchConnection] thread 111: received null
2024-07-30T21:47:22.276+1000 [DEBUG] [org.gradle.launcher.daemon.server.DefaultDaemonConnection] thread 111: Received end-of-input from client.
2024-07-30T21:47:22.276+1000 [DEBUG] [org.gradle.cache.internal.DefaultFileLockManager] Releasing lock on daemon addresses registry.
2024-07-30T21:47:22.276+1000 [DEBUG] [org.gradle.launcher.daemon.server.DefaultIncomingConnectionHandler] Finishing executing command: StopWhenIdle[id=998143eb-c9f2-4380-a221-07d54c212b58]
2024-07-30T21:47:22.276+1000 [DEBUG] [org.gradle.launcher.daemon.server.DefaultIncomingConnectionHandler] Received finished message: null
2024-07-30T21:47:22.276+1000 [DEBUG] [org.gradle.launcher.daemon.server.SynchronizedDispatchConnection] thread 109: stopping connection
2024-07-30T21:47:22.277+1000 [DEBUG] [org.gradle.launcher.daemon.server.DaemonRegistryUpdater] Address removed from registry.
2024-07-30T21:47:22.277+1000 [DEBUG] [org.gradle.launcher.daemon.server.SynchronizedDispatchConnection] thread 109: stopping connection
2024-07-30T21:47:22.283+1000 [DEBUG] [org.gradle.cache.internal.LockOnDemandCrossProcessCacheAccess] Releasing file lock for jars (E:\CurveCalc\caches\jars-9)
2024-07-30T21:47:22.283+1000 [DEBUG] [org.gradle.cache.internal.DefaultFileLockManager] Releasing lock on jars (E:\CurveCalc\caches\jars-9).
2024-07-30T21:47:22.285+1000 [DEBUG] [org.gradle.cache.internal.DefaultPersistentDirectoryStore] jars (E:\CurveCalc\caches\jars-9) has last been fully cleaned up 0 hours ago
2024-07-30T21:47:22.288+1000 [DEBUG] [org.gradle.cache.internal.LockOnDemandCrossProcessCacheAccess] Releasing file lock for Artifact transforms cache (E:\CurveCalc\caches\transforms-3)
2024-07-30T21:47:22.289+1000 [DEBUG] [org.gradle.cache.internal.DefaultFileLockManager] Releasing lock on Artifact transforms cache (E:\CurveCalc\caches\transforms-3).
2024-07-30T21:47:22.290+1000 [DEBUG] [org.gradle.cache.internal.DefaultPersistentDirectoryStore] Artifact transforms cache (E:\CurveCalc\caches\transforms-3) has last been fully cleaned up 0 hours ago
2024-07-30T21:47:23.486+1000 [DEBUG] [org.gradle.cache.internal.LockOnDemandCrossProcessCacheAccess] Releasing file lock for file content cache (E:\CurveCalc\caches\8.0\fileContent)
2024-07-30T21:47:23.486+1000 [DEBUG] [org.gradle.cache.internal.btree.BTreePersistentIndexedCache] Closing cache annotation-processors.bin (E:\CurveCalc\caches\8.0\fileContent\annotation-processors.bin)
2024-07-30T21:47:23.487+1000 [DEBUG] [org.gradle.cache.internal.DefaultFileLockManager] Releasing lock on file content cache (E:\CurveCalc\caches\8.0\fileContent).
2024-07-30T21:47:23.488+1000 [DEBUG] [org.gradle.internal.watch.vfs.impl.WatchingVirtualFileSystem] Closing VFS, dropping state
2024-07-30T21:47:23.564+1000 [DEBUG] [org.gradle.cache.internal.DefaultCacheAccess] Cache Generated Gradle JARs cache (E:\CurveCalc\caches\8.0\generated-gradle-jars) was closed 0 times.
2024-07-30T21:47:23.564+1000 [DEBUG] [org.gradle.cache.internal.LockOnDemandCrossProcessCacheAccess] Releasing file lock for artifact cache (E:\CurveCalc\caches\modules-2)
2024-07-30T21:47:23.565+1000 [DEBUG] [org.gradle.cache.internal.btree.BTreePersistentIndexedCache] Closing cache module-metadata.bin (E:\CurveCalc\caches\modules-2\metadata-2.100\module-metadata.bin)
2024-07-30T21:47:23.565+1000 [DEBUG] [org.gradle.internal.watch.registry.impl.DefaultFileWatcherRegistry] Finished listening to file system change events
2024-07-30T21:47:23.566+1000 [DEBUG] [org.gradle.cache.internal.btree.BTreePersistentIndexedCache] Closing cache module-artifact.bin (E:\CurveCalc\caches\modules-2\metadata-2.100\module-artifact.bin)
2024-07-30T21:47:23.567+1000 [DEBUG] [org.gradle.cache.internal.btree.BTreePersistentIndexedCache] Closing cache module-versions.bin (E:\CurveCalc\caches\modules-2\metadata-2.100\module-versions.bin)
2024-07-30T21:47:23.568+1000 [DEBUG] [org.gradle.cache.internal.DefaultFileLockManager] Releasing lock on artifact cache (E:\CurveCalc\caches\modules-2).
2024-07-30T21:47:23.569+1000 [DEBUG] [org.gradle.cache.internal.DefaultPersistentDirectoryStore] artifact cache (E:\CurveCalc\caches\modules-2) has last been fully cleaned up 0 hours ago
2024-07-30T21:47:23.589+1000 [DEBUG] [org.gradle.cache.internal.LockOnDemandCrossProcessCacheAccess] Releasing file lock for journal cache (E:\CurveCalc\caches\journal-1)
2024-07-30T21:47:23.590+1000 [DEBUG] [org.gradle.cache.internal.btree.BTreePersistentIndexedCache] Closing cache file-access.bin (E:\CurveCalc\caches\journal-1\file-access.bin)
2024-07-30T21:47:23.593+1000 [DEBUG] [org.gradle.cache.internal.DefaultFileLockManager] Releasing lock on journal cache (E:\CurveCalc\caches\journal-1).
2024-07-30T21:47:23.610+1000 [DEBUG] [org.gradle.cache.internal.LockOnDemandCrossProcessCacheAccess] Releasing file lock for file hash cache (E:\CurveCalc\caches\8.0\fileHashes)
2024-07-30T21:47:23.611+1000 [DEBUG] [org.gradle.cache.internal.btree.BTreePersistentIndexedCache] Closing cache fileHashes.bin (E:\CurveCalc\caches\8.0\fileHashes\fileHashes.bin)
2024-07-30T21:47:23.699+1000 [DEBUG] [org.gradle.cache.internal.btree.BTreePersistentIndexedCache] Closing cache resourceHashesCache.bin (E:\CurveCalc\caches\8.0\fileHashes\resourceHashesCache.bin)
2024-07-30T21:47:23.706+1000 [DEBUG] [org.gradle.cache.internal.DefaultFileLockManager] Releasing lock on file hash cache (E:\CurveCalc\caches\8.0\fileHashes).
2024-07-30T21:47:23.740+1000 [DEBUG] [org.gradle.cache.internal.LockOnDemandCrossProcessCacheAccess] Releasing file lock for execution history cache (E:\CurveCalc\caches\8.0\executionHistory)
2024-07-30T21:47:23.741+1000 [DEBUG] [org.gradle.cache.internal.btree.BTreePersistentIndexedCache] Closing cache executionHistory.bin (E:\CurveCalc\caches\8.0\executionHistory\executionHistory.bin)
2024-07-30T21:47:23.742+1000 [DEBUG] [org.gradle.cache.internal.DefaultFileLockManager] Releasing lock on execution history cache (E:\CurveCalc\caches\8.0\executionHistory).
2024-07-30T21:47:23.761+1000 [DEBUG] [org.gradle.cache.internal.LockOnDemandCrossProcessCacheAccess] Releasing file lock for Java compile cache (E:\CurveCalc\caches\8.0\javaCompile)
2024-07-30T21:47:23.762+1000 [DEBUG] [org.gradle.cache.internal.btree.BTreePersistentIndexedCache] Closing cache jarAnalysis.bin (E:\CurveCalc\caches\8.0\javaCompile\jarAnalysis.bin)
2024-07-30T21:47:23.762+1000 [DEBUG] [org.gradle.cache.internal.btree.BTreePersistentIndexedCache] Closing cache classAnalysis.bin (E:\CurveCalc\caches\8.0\javaCompile\classAnalysis.bin)
2024-07-30T21:47:23.762+1000 [DEBUG] [org.gradle.cache.internal.DefaultFileLockManager] Releasing lock on Java compile cache (E:\CurveCalc\caches\8.0\javaCompile).
2024-07-30T21:47:23.795+1000 [DEBUG] [org.gradle.launcher.daemon.registry.PersistentDaemonRegistry] Removing daemon address: [86e774ea-4676-4182-b617-e6ce91c10eeb port:57892, addresses:[localhost/127.0.0.1]]
2024-07-30T21:47:23.796+1000 [DEBUG] [org.gradle.cache.internal.DefaultFileLockManager] Waiting to acquire exclusive lock on daemon addresses registry.
Daemon vm is shutting down... The daemon has exited normally or was terminated in response to a user interrupt.
2024-07-30T21:47:23.797+1000 [DEBUG] [org.gradle.cache.internal.DefaultFileLockManager] Lock acquired on daemon addresses registry.
2024-07-30T21:47:23.798+1000 [DEBUG] [org.gradle.cache.internal.DefaultFileLockManager] Releasing lock on daemon addresses registry.
