#
# There is insufficient memory for the Java Runtime Environment to continue.
# Native memory allocation (mmap) failed to map 134217728 bytes for G1 virtual space
# Possible reasons:
#   The system is out of physical RAM or swap space
#   The process is running with CompressedOops enabled, and the Java Heap may be blocking the growth of the native heap
# Possible solutions:
#   Reduce memory load on the system
#   Increase physical memory or swap space
#   Check if swap backing store is full
#   Decrease Java heap size (-Xmx/-Xms)
#   Decrease number of Java threads
#   Decrease Java thread stack sizes (-Xss)
#   Set larger code cache with -XX:ReservedCodeCacheSize=
#   JVM is running with Unscaled Compressed Oops mode in which the Java heap is
#     placed in the first 4GB address space. The Java Heap base address is the
#     maximum limit for the native heap growth. Please use -XX:HeapBaseMinAddress
#     to set the Java Heap base and to place the Java Heap above 4GB virtual address.
# This output file may be truncated or incomplete.
#
#  Out of Memory Error (os_windows.cpp:3771), pid=5444, tid=9712
#
# JRE version:  (17.0.7) (build )
# Java VM: OpenJDK 64-Bit Server VM (17.0.7+0-b2043.56-10550314, mixed mode, sharing, tiered, compressed oops, compressed class ptrs, g1 gc, windows-amd64)
# No core dump will be written. Minidumps are not enabled by default on client versions of Windows
#

---------------  S U M M A R Y ------------

Command Line: --add-opens=java.base/java.util=ALL-UNNAMED --add-opens=java.base/java.lang=ALL-UNNAMED --add-opens=java.base/java.lang.invoke=ALL-UNNAMED --add-opens=java.prefs/java.util.prefs=ALL-UNNAMED --add-opens=java.base/java.nio.charset=ALL-UNNAMED --add-opens=java.base/java.net=ALL-UNNAMED --add-opens=java.base/java.util.concurrent.atomic=ALL-UNNAMED -Xmx1024m -Dfile.encoding=UTF-8 -Duser.country=RU -Duser.language=ru -Duser.variant org.gradle.launcher.daemon.bootstrap.GradleDaemon 8.0

Host: AMD Athlon(tm) X4 840 Quad Core Processor      , 4 cores, 7G,  Windows 10 , 64 bit Build 19041 (10.0.19041.3636)
Time: Sun Apr 28 23:58:49 2024 RTZ 9 (s 10 , 64 bit Build 19041 (10.0.19041.3636) elapsed time: 0.032567 seconds (0d 0h 0m 0s)

---------------  T H R E A D  ---------------

Current thread (0x000001b8afcb1de0):  JavaThread "Unknown thread" [_thread_in_vm, id=9712, stack(0x0000007a75100000,0x0000007a75200000)]

Stack: [0x0000007a75100000,0x0000007a75200000]
Native frames: (J=compiled Java code, j=interpreted, Vv=VM code, C=native code)
V  [jvm.dll+0x683bfa]
V  [jvm.dll+0x8430a4]
V  [jvm.dll+0x8449be]
V  [jvm.dll+0x845023]
V  [jvm.dll+0x24ad2f]
V  [jvm.dll+0x680ac9]
V  [jvm.dll+0x67519a]
V  [jvm.dll+0x30b3cb]
V  [jvm.dll+0x312876]
V  [jvm.dll+0x36221e]
V  [jvm.dll+0x36244f]
V  [jvm.dll+0x2e14a8]
V  [jvm.dll+0x2e2414]
V  [jvm.dll+0x814391]
V  [jvm.dll+0x36ffe1]
V  [jvm.dll+0x7f396c]
V  [jvm.dll+0x3f305f]
V  [jvm.dll+0x3f4b91]
C  [jli.dll+0x528f]
C  [ucrtbase.dll+0x21bb2]
C  [KERNEL32.DLL+0x17344]
C  [ntdll.dll+0x526b1]


---------------  P R O C E S S  ---------------

Threads class SMR info:
_java_thread_list=0x00007ffb1b4cd098, length=0, elements={
}

Java Threads: ( => current thread )

Other Threads:
  0x000001b8afcedf00 GCTaskThread "GC Thread#0" [stack: 0x0000007a75200000,0x0000007a75300000] [id=5044]
  0x000001b8afcf6d50 ConcurrentGCThread "G1 Main Marker" [stack: 0x0000007a75300000,0x0000007a75400000] [id=4612]
  0x000001b8afcf7e10 ConcurrentGCThread "G1 Conc#0" [stack: 0x0000007a75400000,0x0000007a75500000] [id=9356]

[error occurred during error reporting (printing all threads), id 0xc0000005, EXCEPTION_ACCESS_VIOLATION (0xc0000005) at pc=0x00007ffb1ac82087]

VM state: not at safepoint (not fully initialized)

VM Mutex/Monitor currently owned by a thread:  ([mutex/lock_event])
[0x000001b8afcacb00] Heap_lock - owner thread: 0x000001b8afcb1de0

Heap address: 0x00000000c0000000, size: 1024 MB, Compressed Oops mode: 32-bit

CDS archive(s) mapped at: [0x0000000000000000-0x0000000000000000-0x0000000000000000), size 0, SharedBaseAddress: 0x0000000800000000, ArchiveRelocationMode: 0.
Narrow klass base: 0x0000000000000000, Narrow klass shift: 0, Narrow klass range: 0x0

GC Precious Log:
<Empty>

Heap:
 garbage-first heap   total 0K, used 0K [0x00000000c0000000, 0x0000000100000000)
  region size 1024K, 0 young (0K), 0 survivors (0K)
 Metaspace       used 0K, committed 0K, reserved 0K
  class space    used 0K, committed 0K, reserved 0K

Heap Regions: E=young(eden), S=young(survivor), O=old, HS=humongous(starts), HC=humongous(continues), CS=collection set, F=free, OA=open archive, CA=closed archive, TAMS=top-at-mark-start (previous, next)

Card table byte_map: [0x000001b8c4190000,0x000001b8c4390000] _byte_map_base: 0x000001b8c3b90000

Marking Bits (Prev, Next): (CMBitMap*) 0x000001b8afcee420, (CMBitMap*) 0x000001b8afcee460
 Prev Bits: [0x000001b8c4590000, 0x000001b8c5590000)
 Next Bits: [0x000001b8c5590000, 0x000001b8c6590000)

GC Heap History (0 events):
No events

Dll operation events (1 events):
Event: 0.023 Loaded shared library C:\Program Files\Android\Android Studio\jbr\bin\java.dll

Deoptimization events (0 events):
No events

Classes unloaded (0 events):
No events

Classes redefined (0 events):
No events

Internal exceptions (0 events):
No events

VM Operations (0 events):
No events

Events (0 events):
No events


Dynamic libraries:
0x00007ff6f3be0000 - 0x00007ff6f3bea000 	C:\Program Files\Android\Android Studio\jbr\bin\java.exe
0x00007ffb57b70000 - 0x00007ffb57d68000 	C:\Windows\SYSTEM32\ntdll.dll
0x00007ffb57500000 - 0x00007ffb575bd000 	C:\Windows\System32\KERNEL32.DLL
0x00007ffb558a0000 - 0x00007ffb55b96000 	C:\Windows\System32\KERNELBASE.dll
0x00007ffb557a0000 - 0x00007ffb558a0000 	C:\Windows\System32\ucrtbase.dll
0x00007ffb40df0000 - 0x00007ffb40e07000 	C:\Program Files\Android\Android Studio\jbr\bin\jli.dll
0x00007ffb50c40000 - 0x00007ffb50c5b000 	C:\Program Files\Android\Android Studio\jbr\bin\VCRUNTIME140.dll
0x00007ffb55f80000 - 0x00007ffb5611f000 	C:\Windows\System32\USER32.dll
0x00007ffb55430000 - 0x00007ffb55452000 	C:\Windows\System32\win32u.dll
0x00007ffb4d130000 - 0x00007ffb4d3ca000 	C:\Windows\WinSxS\amd64_microsoft.windows.common-controls_6595b64144ccf1df_6.0.19041.3636_none_60b6a03d71f818d5\COMCTL32.dll
0x00007ffb562f0000 - 0x00007ffb5631b000 	C:\Windows\System32\GDI32.dll
0x00007ffb57940000 - 0x00007ffb579de000 	C:\Windows\System32\msvcrt.dll
0x00007ffb55680000 - 0x00007ffb55797000 	C:\Windows\System32\gdi32full.dll
0x00007ffb552b0000 - 0x00007ffb5534d000 	C:\Windows\System32\msvcp_win.dll
0x00007ffb568c0000 - 0x00007ffb568f2000 	C:\Windows\System32\IMM32.DLL
0x00007ffb4f970000 - 0x00007ffb4f97c000 	C:\Program Files\Android\Android Studio\jbr\bin\vcruntime140_1.dll
0x00007ffb350d0000 - 0x00007ffb3515d000 	C:\Program Files\Android\Android Studio\jbr\bin\msvcp140.dll
0x00007ffb1a990000 - 0x00007ffb1b610000 	C:\Program Files\Android\Android Studio\jbr\bin\server\jvm.dll
0x00007ffb56240000 - 0x00007ffb562f0000 	C:\Windows\System32\ADVAPI32.dll
0x00007ffb569d0000 - 0x00007ffb56a70000 	C:\Windows\System32\sechost.dll
0x00007ffb56b00000 - 0x00007ffb56c23000 	C:\Windows\System32\RPCRT4.dll
0x00007ffb55350000 - 0x00007ffb55377000 	C:\Windows\System32\bcrypt.dll
0x00007ffb50d50000 - 0x00007ffb50d59000 	C:\Windows\SYSTEM32\WSOCK32.dll
0x00007ffb55f10000 - 0x00007ffb55f7b000 	C:\Windows\System32\WS2_32.dll
0x00007ffb4c340000 - 0x00007ffb4c367000 	C:\Windows\SYSTEM32\WINMM.dll
0x00007ffb4d660000 - 0x00007ffb4d66a000 	C:\Windows\SYSTEM32\VERSION.dll
0x00007ffb530d0000 - 0x00007ffb530e2000 	C:\Windows\SYSTEM32\kernel.appcore.dll
0x00007ffb50c30000 - 0x00007ffb50c3a000 	C:\Program Files\Android\Android Studio\jbr\bin\jimage.dll
0x00007ffb43740000 - 0x00007ffb43924000 	C:\Windows\SYSTEM32\DBGHELP.DLL
0x00007ffb43580000 - 0x00007ffb435b4000 	C:\Windows\SYSTEM32\dbgcore.DLL
0x00007ffb55220000 - 0x00007ffb552a2000 	C:\Windows\System32\bcryptPrimitives.dll
0x00007ffb44f10000 - 0x00007ffb44f35000 	C:\Program Files\Android\Android Studio\jbr\bin\java.dll

dbghelp: loaded successfully - version: 4.0.5 - missing functions: none
symbol engine: initialized successfully - sym options: 0x614 - pdb path: .;C:\Program Files\Android\Android Studio\jbr\bin;C:\Windows\SYSTEM32;C:\Windows\WinSxS\amd64_microsoft.windows.common-controls_6595b64144ccf1df_6.0.19041.3636_none_60b6a03d71f818d5;C:\Program Files\Android\Android Studio\jbr\bin\server

VM Arguments:
jvm_args: --add-opens=java.base/java.util=ALL-UNNAMED --add-opens=java.base/java.lang=ALL-UNNAMED --add-opens=java.base/java.lang.invoke=ALL-UNNAMED --add-opens=java.prefs/java.util.prefs=ALL-UNNAMED --add-opens=java.base/java.nio.charset=ALL-UNNAMED --add-opens=java.base/java.net=ALL-UNNAMED --add-opens=java.base/java.util.concurrent.atomic=ALL-UNNAMED -Xmx1024m -Dfile.encoding=UTF-8 -Duser.country=RU -Duser.language=ru -Duser.variant 
java_command: org.gradle.launcher.daemon.bootstrap.GradleDaemon 8.0
java_class_path (initial): E:\CurveCalc\wrapper\dists\gradle-8.0-bin\ca5e32bp14vu59qr306oxotwh\gradle-8.0\lib\gradle-launcher-8.0.jar
Launcher Type: SUN_STANDARD

[Global flags]
     intx CICompilerCount                          = 3                                         {product} {ergonomic}
     uint ConcGCThreads                            = 1                                         {product} {ergonomic}
     uint G1ConcRefinementThreads                  = 4                                         {product} {ergonomic}
   size_t G1HeapRegionSize                         = 1048576                                   {product} {ergonomic}
    uintx GCDrainStackTargetSize                   = 64                                        {product} {ergonomic}
   size_t InitialHeapSize                          = 134217728                                 {product} {ergonomic}
   size_t MarkStackSize                            = 4194304                                   {product} {ergonomic}
   size_t MaxHeapSize                              = 1073741824                                {product} {command line}
   size_t MinHeapDeltaBytes                        = 1048576                                   {product} {ergonomic}
   size_t MinHeapSize                              = 8388608                                   {product} {ergonomic}
    uintx NonNMethodCodeHeapSize                   = 5832780                                {pd product} {ergonomic}
    uintx NonProfiledCodeHeapSize                  = 122912730                              {pd product} {ergonomic}
    uintx ProfiledCodeHeapSize                     = 122912730                              {pd product} {ergonomic}
    uintx ReservedCodeCacheSize                    = 251658240                              {pd product} {ergonomic}
     bool SegmentedCodeCache                       = true                                      {product} {ergonomic}
   size_t SoftMaxHeapSize                          = 1073741824                             {manageable} {ergonomic}
     bool UseCompressedClassPointers               = true                           {product lp64_product} {ergonomic}
     bool UseCompressedOops                        = true                           {product lp64_product} {ergonomic}
     bool UseG1GC                                  = true                                      {product} {ergonomic}
     bool UseLargePagesIndividualAllocation        = false                                  {pd product} {ergonomic}

Logging:
Log output configuration:
 #0: stdout all=warning uptime,level,tags
 #1: stderr all=off uptime,level,tags

Environment Variables:
JAVA_HOME=C:\Program Files (x86)\Amazon Corretto\jdk11.0.22_7
PATH=C:\Program Files (x86)\Amazon Corretto\jdk11.0.22_7\bin;C:\Program Files\Amazon Corretto\jdk1.8.0_392\bin;C:\Windows\system32;C:\Windows;C:\Windows\System32\Wbem;C:\Windows\System32\WindowsPowerShell\v1.0\;C:\Windows\System32\OpenSSH\;C:\Program Files\Git\cmd;C:\Users\user\AppData\Local\Programs\Python\Python311\Scripts\;C:\Users\user\AppData\Local\Programs\Python\Python311\;C:\Users\user\AppData\Local\Microsoft\WindowsApps
USERNAME=user
OS=Windows_NT
PROCESSOR_IDENTIFIER=AMD64 Family 21 Model 48 Stepping 1, AuthenticAMD
TMP=C:\Users\user\AppData\Local\Temp
TEMP=C:\Users\user\AppData\Local\Temp


JNI global refs:
JNI global refs: 0, weak refs: 0

JNI global refs memory usage: 0, weak refs: 0

OOME stack traces (most recent first):
Classloader memory used:


---------------  S Y S T E M  ---------------

OS:
 Windows 10 , 64 bit Build 19041 (10.0.19041.3636)
OS uptime: 0 days 7:32 hours

CPU: total 4 (initial active 4) (4 cores per cpu, 1 threads per core) family 21 model 48 stepping 1 microcode 0x0, cx8, cmov, fxsr, mmx, 3dnowpref, sse, sse2, sse3, ssse3, sse4a, sse4.1, sse4.2, popcnt, lzcnt, tsc, tscinvbit, avx, aes, clmul, bmi1, fma, vzeroupper, clflush

Memory: 4k page, system-wide physical 8134M (514M free)
TotalPageFile size 32710M (AvailPageFile size 105M)
current process WorkingSet (physical memory assigned to process): 10M, peak: 10M
current process commit charge ("private bytes"): 51M, peak: 179M

vm_info: OpenJDK 64-Bit Server VM (17.0.7+0-b2043.56-10550314) for windows-amd64 JRE (17.0.7+0-b2043.56-10550314), built on Jul 24 2023 18:27:45 by "androidbuild" with MS VC++ 16.10 / 16.11 (VS2019)

END.
